[1.046s] DEBUG:colcon:Command line arguments: ['/usr/bin/colcon', 'build', '--symlink-install', '--packages-up-to', 'smrr_multinav']
[1.047s] DEBUG:colcon:Parsed command line arguments: Namespace(log_base=None, log_level=None, verb_name='build', build_base='build', install_base='install', merge_install=False, symlink_install=True, test_result_base=None, continue_on_error=False, executor='parallel', parallel_workers=16, event_handlers=None, ignore_user_meta=False, metas=['./colcon.meta'], base_paths=['.'], packages_ignore=None, packages_ignore_regex=None, paths=None, packages_up_to=['smrr_multinav'], packages_up_to_regex=None, packages_above=None, packages_above_and_dependencies=None, packages_above_depth=None, packages_select_by_dep=None, packages_skip_by_dep=None, packages_skip_up_to=None, packages_select_build_failed=False, packages_skip_build_finished=False, packages_select_test_failures=False, packages_skip_test_passed=False, packages_select=None, packages_skip=None, packages_select_regex=None, packages_skip_regex=None, packages_start=None, packages_end=None, allow_overriding=[], cmake_args=None, cmake_target=None, cmake_target_skip_unavailable=False, cmake_clean_cache=False, cmake_clean_first=False, cmake_force_configure=False, ament_cmake_args=None, catkin_cmake_args=None, catkin_skip_building_tests=False, verb_parser=<colcon_defaults.argument_parser.defaults.DefaultArgumentsDecorator object at 0x71e51d522f20>, verb_extension=<colcon_core.verb.build.BuildVerb object at 0x71e51d521690>, main=<bound method BuildVerb.main of <colcon_core.verb.build.BuildVerb object at 0x71e51d521690>>)
[1.092s] Level 1:colcon.colcon_core.package_discovery:discover_packages(colcon_meta) check parameters
[1.092s] Level 1:colcon.colcon_core.package_discovery:discover_packages(recursive) check parameters
[1.092s] Level 1:colcon.colcon_core.package_discovery:discover_packages(ignore) check parameters
[1.092s] Level 1:colcon.colcon_core.package_discovery:discover_packages(path) check parameters
[1.092s] Level 1:colcon.colcon_core.package_discovery:discover_packages(colcon_meta) discover
[1.092s] Level 1:colcon.colcon_core.package_discovery:discover_packages(recursive) discover
[1.092s] INFO:colcon.colcon_core.package_discovery:Crawling recursively for packages in '/home/sithija/mobile_receptionist_ws/src'
[1.093s] Level 1:colcon.colcon_core.package_identification:_identify(.) by extensions ['ignore', 'ignore_ament_install']
[1.093s] Level 1:colcon.colcon_core.package_identification:_identify(.) by extension 'ignore'
[1.093s] Level 1:colcon.colcon_core.package_identification:_identify(.) by extension 'ignore_ament_install'
[1.093s] Level 1:colcon.colcon_core.package_identification:_identify(.) by extensions ['colcon_pkg']
[1.093s] Level 1:colcon.colcon_core.package_identification:_identify(.) by extension 'colcon_pkg'
[1.093s] Level 1:colcon.colcon_core.package_identification:_identify(.) by extensions ['colcon_meta']
[1.093s] Level 1:colcon.colcon_core.package_identification:_identify(.) by extension 'colcon_meta'
[1.093s] Level 1:colcon.colcon_core.package_identification:_identify(.) by extensions ['ros']
[1.093s] Level 1:colcon.colcon_core.package_identification:_identify(.) by extension 'ros'
[1.102s] Level 1:colcon.colcon_core.package_identification:_identify(.) by extensions ['cmake', 'python']
[1.102s] Level 1:colcon.colcon_core.package_identification:_identify(.) by extension 'cmake'
[1.102s] Level 1:colcon.colcon_core.package_identification:_identify(.) by extension 'python'
[1.102s] Level 1:colcon.colcon_core.package_identification:_identify(.) by extensions ['python_setup_py']
[1.102s] Level 1:colcon.colcon_core.package_identification:_identify(.) by extension 'python_setup_py'
[1.102s] Level 1:colcon.colcon_core.package_identification:_identify(build) by extensions ['ignore', 'ignore_ament_install']
[1.102s] Level 1:colcon.colcon_core.package_identification:_identify(build) by extension 'ignore'
[1.102s] Level 1:colcon.colcon_core.package_identification:_identify(build) ignored
[1.102s] Level 1:colcon.colcon_core.package_identification:_identify(elevator) by extensions ['ignore', 'ignore_ament_install']
[1.102s] Level 1:colcon.colcon_core.package_identification:_identify(elevator) by extension 'ignore'
[1.102s] Level 1:colcon.colcon_core.package_identification:_identify(elevator) by extension 'ignore_ament_install'
[1.102s] Level 1:colcon.colcon_core.package_identification:_identify(elevator) by extensions ['colcon_pkg']
[1.102s] Level 1:colcon.colcon_core.package_identification:_identify(elevator) by extension 'colcon_pkg'
[1.103s] Level 1:colcon.colcon_core.package_identification:_identify(elevator) by extensions ['colcon_meta']
[1.103s] Level 1:colcon.colcon_core.package_identification:_identify(elevator) by extension 'colcon_meta'
[1.103s] Level 1:colcon.colcon_core.package_identification:_identify(elevator) by extensions ['ros']
[1.103s] Level 1:colcon.colcon_core.package_identification:_identify(elevator) by extension 'ros'
[1.105s] DEBUG:colcon.colcon_core.package_identification:Package 'elevator' with type 'ros.ament_cmake' and name 'elevator'
[1.105s] Level 1:colcon.colcon_core.package_identification:_identify(gazebo_plugins) by extensions ['ignore', 'ignore_ament_install']
[1.105s] Level 1:colcon.colcon_core.package_identification:_identify(gazebo_plugins) by extension 'ignore'
[1.105s] Level 1:colcon.colcon_core.package_identification:_identify(gazebo_plugins) by extension 'ignore_ament_install'
[1.105s] Level 1:colcon.colcon_core.package_identification:_identify(gazebo_plugins) by extensions ['colcon_pkg']
[1.105s] Level 1:colcon.colcon_core.package_identification:_identify(gazebo_plugins) by extension 'colcon_pkg'
[1.105s] Level 1:colcon.colcon_core.package_identification:_identify(gazebo_plugins) by extensions ['colcon_meta']
[1.105s] Level 1:colcon.colcon_core.package_identification:_identify(gazebo_plugins) by extension 'colcon_meta'
[1.105s] Level 1:colcon.colcon_core.package_identification:_identify(gazebo_plugins) by extensions ['ros']
[1.105s] Level 1:colcon.colcon_core.package_identification:_identify(gazebo_plugins) by extension 'ros'
[1.106s] DEBUG:colcon.colcon_core.package_identification:Package 'gazebo_plugins' with type 'ros.ament_cmake' and name 'gazebo_plugins'
[1.106s] Level 1:colcon.colcon_core.package_identification:_identify(gazebo_sfm_plugin-galactic) by extensions ['ignore', 'ignore_ament_install']
[1.106s] Level 1:colcon.colcon_core.package_identification:_identify(gazebo_sfm_plugin-galactic) by extension 'ignore'
[1.106s] Level 1:colcon.colcon_core.package_identification:_identify(gazebo_sfm_plugin-galactic) by extension 'ignore_ament_install'
[1.106s] Level 1:colcon.colcon_core.package_identification:_identify(gazebo_sfm_plugin-galactic) by extensions ['colcon_pkg']
[1.106s] Level 1:colcon.colcon_core.package_identification:_identify(gazebo_sfm_plugin-galactic) by extension 'colcon_pkg'
[1.106s] Level 1:colcon.colcon_core.package_identification:_identify(gazebo_sfm_plugin-galactic) by extensions ['colcon_meta']
[1.106s] Level 1:colcon.colcon_core.package_identification:_identify(gazebo_sfm_plugin-galactic) by extension 'colcon_meta'
[1.106s] Level 1:colcon.colcon_core.package_identification:_identify(gazebo_sfm_plugin-galactic) by extensions ['ros']
[1.106s] Level 1:colcon.colcon_core.package_identification:_identify(gazebo_sfm_plugin-galactic) by extension 'ros'
[1.107s] DEBUG:colcon.colcon_core.package_identification:Package 'gazebo_sfm_plugin-galactic' with type 'ros.ament_cmake' and name 'gazebo_sfm_plugin'
[1.107s] Level 1:colcon.colcon_core.package_identification:_identify(gazebo_worlds) by extensions ['ignore', 'ignore_ament_install']
[1.107s] Level 1:colcon.colcon_core.package_identification:_identify(gazebo_worlds) by extension 'ignore'
[1.107s] Level 1:colcon.colcon_core.package_identification:_identify(gazebo_worlds) by extension 'ignore_ament_install'
[1.107s] Level 1:colcon.colcon_core.package_identification:_identify(gazebo_worlds) by extensions ['colcon_pkg']
[1.107s] Level 1:colcon.colcon_core.package_identification:_identify(gazebo_worlds) by extension 'colcon_pkg'
[1.107s] Level 1:colcon.colcon_core.package_identification:_identify(gazebo_worlds) by extensions ['colcon_meta']
[1.107s] Level 1:colcon.colcon_core.package_identification:_identify(gazebo_worlds) by extension 'colcon_meta'
[1.107s] Level 1:colcon.colcon_core.package_identification:_identify(gazebo_worlds) by extensions ['ros']
[1.107s] Level 1:colcon.colcon_core.package_identification:_identify(gazebo_worlds) by extension 'ros'
[1.107s] Level 1:colcon.colcon_core.package_identification:_identify(gazebo_worlds) by extensions ['cmake', 'python']
[1.107s] Level 1:colcon.colcon_core.package_identification:_identify(gazebo_worlds) by extension 'cmake'
[1.107s] Level 1:colcon.colcon_core.package_identification:_identify(gazebo_worlds) by extension 'python'
[1.107s] Level 1:colcon.colcon_core.package_identification:_identify(gazebo_worlds) by extensions ['python_setup_py']
[1.108s] Level 1:colcon.colcon_core.package_identification:_identify(gazebo_worlds) by extension 'python_setup_py'
[1.108s] Level 1:colcon.colcon_core.package_identification:_identify(goal_predictor) by extensions ['ignore', 'ignore_ament_install']
[1.108s] Level 1:colcon.colcon_core.package_identification:_identify(goal_predictor) by extension 'ignore'
[1.108s] Level 1:colcon.colcon_core.package_identification:_identify(goal_predictor) by extension 'ignore_ament_install'
[1.108s] Level 1:colcon.colcon_core.package_identification:_identify(goal_predictor) by extensions ['colcon_pkg']
[1.108s] Level 1:colcon.colcon_core.package_identification:_identify(goal_predictor) by extension 'colcon_pkg'
[1.108s] Level 1:colcon.colcon_core.package_identification:_identify(goal_predictor) by extensions ['colcon_meta']
[1.108s] Level 1:colcon.colcon_core.package_identification:_identify(goal_predictor) by extension 'colcon_meta'
[1.108s] Level 1:colcon.colcon_core.package_identification:_identify(goal_predictor) by extensions ['ros']
[1.108s] Level 1:colcon.colcon_core.package_identification:_identify(goal_predictor) by extension 'ros'
[1.108s] DEBUG:colcon.colcon_core.package_identification:Package 'goal_predictor' with type 'ros.ament_python' and name 'goal_predictor'
[1.108s] Level 1:colcon.colcon_core.package_identification:_identify(install) by extensions ['ignore', 'ignore_ament_install']
[1.109s] Level 1:colcon.colcon_core.package_identification:_identify(install) by extension 'ignore'
[1.109s] Level 1:colcon.colcon_core.package_identification:_identify(install) ignored
[1.109s] Level 1:colcon.colcon_core.package_identification:_identify(log) by extensions ['ignore', 'ignore_ament_install']
[1.109s] Level 1:colcon.colcon_core.package_identification:_identify(log) by extension 'ignore'
[1.109s] Level 1:colcon.colcon_core.package_identification:_identify(log) ignored
[1.109s] Level 1:colcon.colcon_core.package_identification:_identify(smrr_controller) by extensions ['ignore', 'ignore_ament_install']
[1.109s] Level 1:colcon.colcon_core.package_identification:_identify(smrr_controller) by extension 'ignore'
[1.109s] Level 1:colcon.colcon_core.package_identification:_identify(smrr_controller) by extension 'ignore_ament_install'
[1.109s] Level 1:colcon.colcon_core.package_identification:_identify(smrr_controller) by extensions ['colcon_pkg']
[1.109s] Level 1:colcon.colcon_core.package_identification:_identify(smrr_controller) by extension 'colcon_pkg'
[1.109s] Level 1:colcon.colcon_core.package_identification:_identify(smrr_controller) by extensions ['colcon_meta']
[1.109s] Level 1:colcon.colcon_core.package_identification:_identify(smrr_controller) by extension 'colcon_meta'
[1.109s] Level 1:colcon.colcon_core.package_identification:_identify(smrr_controller) by extensions ['ros']
[1.109s] Level 1:colcon.colcon_core.package_identification:_identify(smrr_controller) by extension 'ros'
[1.110s] DEBUG:colcon.colcon_core.package_identification:Package 'smrr_controller' with type 'ros.ament_cmake' and name 'smrr_controller'
[1.110s] Level 1:colcon.colcon_core.package_identification:_identify(smrr_crowd_nav) by extensions ['ignore', 'ignore_ament_install']
[1.110s] Level 1:colcon.colcon_core.package_identification:_identify(smrr_crowd_nav) by extension 'ignore'
[1.110s] Level 1:colcon.colcon_core.package_identification:_identify(smrr_crowd_nav) by extension 'ignore_ament_install'
[1.110s] Level 1:colcon.colcon_core.package_identification:_identify(smrr_crowd_nav) by extensions ['colcon_pkg']
[1.110s] Level 1:colcon.colcon_core.package_identification:_identify(smrr_crowd_nav) by extension 'colcon_pkg'
[1.110s] Level 1:colcon.colcon_core.package_identification:_identify(smrr_crowd_nav) by extensions ['colcon_meta']
[1.110s] Level 1:colcon.colcon_core.package_identification:_identify(smrr_crowd_nav) by extension 'colcon_meta'
[1.110s] Level 1:colcon.colcon_core.package_identification:_identify(smrr_crowd_nav) by extensions ['ros']
[1.110s] Level 1:colcon.colcon_core.package_identification:_identify(smrr_crowd_nav) by extension 'ros'
[1.110s] DEBUG:colcon.colcon_core.package_identification:Package 'smrr_crowd_nav' with type 'ros.ament_python' and name 'smrr_crowd_nav'
[1.110s] Level 1:colcon.colcon_core.package_identification:_identify(smrr_description) by extensions ['ignore', 'ignore_ament_install']
[1.110s] Level 1:colcon.colcon_core.package_identification:_identify(smrr_description) by extension 'ignore'
[1.110s] Level 1:colcon.colcon_core.package_identification:_identify(smrr_description) by extension 'ignore_ament_install'
[1.110s] Level 1:colcon.colcon_core.package_identification:_identify(smrr_description) by extensions ['colcon_pkg']
[1.110s] Level 1:colcon.colcon_core.package_identification:_identify(smrr_description) by extension 'colcon_pkg'
[1.111s] Level 1:colcon.colcon_core.package_identification:_identify(smrr_description) by extensions ['colcon_meta']
[1.111s] Level 1:colcon.colcon_core.package_identification:_identify(smrr_description) by extension 'colcon_meta'
[1.111s] Level 1:colcon.colcon_core.package_identification:_identify(smrr_description) by extensions ['ros']
[1.111s] Level 1:colcon.colcon_core.package_identification:_identify(smrr_description) by extension 'ros'
[1.111s] DEBUG:colcon.colcon_core.package_identification:Package 'smrr_description' with type 'ros.ament_cmake' and name 'smrr_description'
[1.111s] Level 1:colcon.colcon_core.package_identification:_identify(smrr_interfaces) by extensions ['ignore', 'ignore_ament_install']
[1.111s] Level 1:colcon.colcon_core.package_identification:_identify(smrr_interfaces) by extension 'ignore'
[1.111s] Level 1:colcon.colcon_core.package_identification:_identify(smrr_interfaces) by extension 'ignore_ament_install'
[1.111s] Level 1:colcon.colcon_core.package_identification:_identify(smrr_interfaces) by extensions ['colcon_pkg']
[1.111s] Level 1:colcon.colcon_core.package_identification:_identify(smrr_interfaces) by extension 'colcon_pkg'
[1.111s] Level 1:colcon.colcon_core.package_identification:_identify(smrr_interfaces) by extensions ['colcon_meta']
[1.111s] Level 1:colcon.colcon_core.package_identification:_identify(smrr_interfaces) by extension 'colcon_meta'
[1.111s] Level 1:colcon.colcon_core.package_identification:_identify(smrr_interfaces) by extensions ['ros']
[1.111s] Level 1:colcon.colcon_core.package_identification:_identify(smrr_interfaces) by extension 'ros'
[1.112s] DEBUG:colcon.colcon_core.package_identification:Package 'smrr_interfaces' with type 'ros.ament_cmake' and name 'smrr_interfaces'
[1.112s] Level 1:colcon.colcon_core.package_identification:_identify(smrr_localization) by extensions ['ignore', 'ignore_ament_install']
[1.112s] Level 1:colcon.colcon_core.package_identification:_identify(smrr_localization) by extension 'ignore'
[1.112s] Level 1:colcon.colcon_core.package_identification:_identify(smrr_localization) by extension 'ignore_ament_install'
[1.112s] Level 1:colcon.colcon_core.package_identification:_identify(smrr_localization) by extensions ['colcon_pkg']
[1.112s] Level 1:colcon.colcon_core.package_identification:_identify(smrr_localization) by extension 'colcon_pkg'
[1.112s] Level 1:colcon.colcon_core.package_identification:_identify(smrr_localization) by extensions ['colcon_meta']
[1.112s] Level 1:colcon.colcon_core.package_identification:_identify(smrr_localization) by extension 'colcon_meta'
[1.112s] Level 1:colcon.colcon_core.package_identification:_identify(smrr_localization) by extensions ['ros']
[1.112s] Level 1:colcon.colcon_core.package_identification:_identify(smrr_localization) by extension 'ros'
[1.112s] DEBUG:colcon.colcon_core.package_identification:Package 'smrr_localization' with type 'ros.ament_cmake' and name 'smrr_localization'
[1.112s] Level 1:colcon.colcon_core.package_identification:_identify(smrr_multinav) by extensions ['ignore', 'ignore_ament_install']
[1.112s] Level 1:colcon.colcon_core.package_identification:_identify(smrr_multinav) by extension 'ignore'
[1.113s] Level 1:colcon.colcon_core.package_identification:_identify(smrr_multinav) by extension 'ignore_ament_install'
[1.113s] Level 1:colcon.colcon_core.package_identification:_identify(smrr_multinav) by extensions ['colcon_pkg']
[1.113s] Level 1:colcon.colcon_core.package_identification:_identify(smrr_multinav) by extension 'colcon_pkg'
[1.113s] Level 1:colcon.colcon_core.package_identification:_identify(smrr_multinav) by extensions ['colcon_meta']
[1.113s] Level 1:colcon.colcon_core.package_identification:_identify(smrr_multinav) by extension 'colcon_meta'
[1.113s] Level 1:colcon.colcon_core.package_identification:_identify(smrr_multinav) by extensions ['ros']
[1.113s] Level 1:colcon.colcon_core.package_identification:_identify(smrr_multinav) by extension 'ros'
[1.113s] DEBUG:colcon.colcon_core.package_identification:Package 'smrr_multinav' with type 'ros.ament_cmake' and name 'smrr_multinav'
[1.114s] Level 1:colcon.colcon_core.package_identification:_identify(smrr_utilities) by extensions ['ignore', 'ignore_ament_install']
[1.114s] Level 1:colcon.colcon_core.package_identification:_identify(smrr_utilities) by extension 'ignore'
[1.114s] Level 1:colcon.colcon_core.package_identification:_identify(smrr_utilities) by extension 'ignore_ament_install'
[1.114s] Level 1:colcon.colcon_core.package_identification:_identify(smrr_utilities) by extensions ['colcon_pkg']
[1.114s] Level 1:colcon.colcon_core.package_identification:_identify(smrr_utilities) by extension 'colcon_pkg'
[1.114s] Level 1:colcon.colcon_core.package_identification:_identify(smrr_utilities) by extensions ['colcon_meta']
[1.114s] Level 1:colcon.colcon_core.package_identification:_identify(smrr_utilities) by extension 'colcon_meta'
[1.114s] Level 1:colcon.colcon_core.package_identification:_identify(smrr_utilities) by extensions ['ros']
[1.114s] Level 1:colcon.colcon_core.package_identification:_identify(smrr_utilities) by extension 'ros'
[1.114s] DEBUG:colcon.colcon_core.package_identification:Package 'smrr_utilities' with type 'ros.ament_python' and name 'smrr_utilities'
[1.114s] Level 1:colcon.colcon_core.package_discovery:discover_packages(recursive) using defaults
[1.114s] Level 1:colcon.colcon_core.package_discovery:discover_packages(ignore) discover
[1.114s] Level 1:colcon.colcon_core.package_discovery:discover_packages(ignore) using defaults
[1.114s] Level 1:colcon.colcon_core.package_discovery:discover_packages(path) discover
[1.114s] Level 1:colcon.colcon_core.package_discovery:discover_packages(path) using defaults
[1.190s] INFO:colcon.colcon_core.package_selection:Skipping package 'smrr_description' in 'smrr_description'
[1.190s] INFO:colcon.colcon_core.package_selection:Skipping package 'smrr_utilities' in 'smrr_utilities'
[1.190s] INFO:colcon.colcon_core.package_selection:Skipping package 'smrr_localization' in 'smrr_localization'
[1.190s] INFO:colcon.colcon_core.package_selection:Skipping package 'smrr_interfaces' in 'smrr_interfaces'
[1.190s] INFO:colcon.colcon_core.package_selection:Skipping package 'smrr_crowd_nav' in 'smrr_crowd_nav'
[1.190s] INFO:colcon.colcon_core.package_selection:Skipping package 'smrr_controller' in 'smrr_controller'
[1.190s] INFO:colcon.colcon_core.package_selection:Skipping package 'goal_predictor' in 'goal_predictor'
[1.190s] INFO:colcon.colcon_core.package_selection:Skipping package 'gazebo_sfm_plugin' in 'gazebo_sfm_plugin-galactic'
[1.190s] INFO:colcon.colcon_core.package_selection:Skipping package 'gazebo_plugins' in 'gazebo_plugins'
[1.190s] INFO:colcon.colcon_core.package_selection:Skipping package 'elevator' in 'elevator'
[1.221s] Level 1:colcon.colcon_core.package_discovery:discover_packages(prefix_path) check parameters
[1.221s] Level 1:colcon.colcon_core.package_discovery:discover_packages(prefix_path) discover
[1.253s] DEBUG:colcon.colcon_installed_package_information.package_discovery:Found 4 installed packages in /home/sithija/mini_project/install
[1.269s] DEBUG:colcon.colcon_installed_package_information.package_discovery:Found 12 installed packages in /home/sithija/mobile_receptionist_ws/install
[1.285s] DEBUG:colcon.colcon_installed_package_information.package_discovery:Found 4 installed packages in /home/sithija/voyager_ws/install
[1.302s] DEBUG:colcon.colcon_installed_package_information.package_discovery:Found 408 installed packages in /opt/ros/humble
[1.303s] Level 1:colcon.colcon_core.package_discovery:discover_packages(prefix_path) using defaults
[1.400s] Level 5:colcon.colcon_core.verb:set package 'smrr_multinav' build argument 'cmake_args' from command line to 'None'
[1.400s] Level 5:colcon.colcon_core.verb:set package 'smrr_multinav' build argument 'cmake_target' from command line to 'None'
[1.400s] Level 5:colcon.colcon_core.verb:set package 'smrr_multinav' build argument 'cmake_target_skip_unavailable' from command line to 'False'
[1.400s] Level 5:colcon.colcon_core.verb:set package 'smrr_multinav' build argument 'cmake_clean_cache' from command line to 'False'
[1.400s] Level 5:colcon.colcon_core.verb:set package 'smrr_multinav' build argument 'cmake_clean_first' from command line to 'False'
[1.400s] Level 5:colcon.colcon_core.verb:set package 'smrr_multinav' build argument 'cmake_force_configure' from command line to 'False'
[1.400s] Level 5:colcon.colcon_core.verb:set package 'smrr_multinav' build argument 'ament_cmake_args' from command line to 'None'
[1.400s] Level 5:colcon.colcon_core.verb:set package 'smrr_multinav' build argument 'catkin_cmake_args' from command line to 'None'
[1.400s] Level 5:colcon.colcon_core.verb:set package 'smrr_multinav' build argument 'catkin_skip_building_tests' from command line to 'False'
[1.401s] DEBUG:colcon.colcon_core.verb:Building package 'smrr_multinav' with the following arguments: {'ament_cmake_args': None, 'build_base': '/home/sithija/mobile_receptionist_ws/src/build/smrr_multinav', 'catkin_cmake_args': None, 'catkin_skip_building_tests': False, 'cmake_args': None, 'cmake_clean_cache': False, 'cmake_clean_first': False, 'cmake_force_configure': False, 'cmake_target': None, 'cmake_target_skip_unavailable': False, 'install_base': '/home/sithija/mobile_receptionist_ws/src/install/smrr_multinav', 'merge_install': False, 'path': '/home/sithija/mobile_receptionist_ws/src/smrr_multinav', 'symlink_install': True, 'test_result_base': None}
[1.416s] INFO:colcon.colcon_core.executor:Executing jobs using 'parallel' executor
[1.432s] DEBUG:colcon.colcon_parallel_executor.executor.parallel:run_until_complete
[1.432s] INFO:colcon.colcon_ros.task.ament_cmake.build:Building ROS package in '/home/sithija/mobile_receptionist_ws/src/smrr_multinav' with build type 'ament_cmake'
[1.432s] INFO:colcon.colcon_cmake.task.cmake.build:Building CMake package in '/home/sithija/mobile_receptionist_ws/src/smrr_multinav'
[1.450s] INFO:colcon.colcon_core.plugin_system:Skipping extension 'colcon_core.shell.bat': Not used on non-Windows systems
[1.450s] INFO:colcon.colcon_core.shell:Skip shell extension 'powershell' for command environment: Not usable outside of PowerShell
[1.450s] DEBUG:colcon.colcon_core.shell:Skip shell extension 'dsv' for command environment
[1.540s] DEBUG:colcon.colcon_core.event_handler.log_command:Invoking command in '/home/sithija/mobile_receptionist_ws/src/build/smrr_multinav': CMAKE_PREFIX_PATH=/home/sithija/mobile_receptionist_ws/install/smrr_utilities:/home/sithija/mobile_receptionist_ws/install/smrr_crowd_nav:/home/sithija/mobile_receptionist_ws/install/goal_predictor:/home/sithija/mini_project/install/crowd_simulator:/opt/ros/humble:${CMAKE_PREFIX_PATH} /usr/bin/cmake --build /home/sithija/mobile_receptionist_ws/src/build/smrr_multinav -- -j16 -l16
[5.261s] DEBUG:colcon.colcon_core.event_handler.log_command:Invoked command in '/home/sithija/mobile_receptionist_ws/src/build/smrr_multinav' returned '2': CMAKE_PREFIX_PATH=/home/sithija/mobile_receptionist_ws/install/smrr_utilities:/home/sithija/mobile_receptionist_ws/install/smrr_crowd_nav:/home/sithija/mobile_receptionist_ws/install/goal_predictor:/home/sithija/mini_project/install/crowd_simulator:/opt/ros/humble:${CMAKE_PREFIX_PATH} /usr/bin/cmake --build /home/sithija/mobile_receptionist_ws/src/build/smrr_multinav -- -j16 -l16
[5.332s] Level 1:colcon.colcon_core.environment:create_environment_scripts_only(smrr_multinav)
[5.349s] Level 1:colcon.colcon_core.environment:checking '/home/sithija/mobile_receptionist_ws/src/install/smrr_multinav' for CMake module files
[5.350s] Level 1:colcon.colcon_core.environment:checking '/home/sithija/mobile_receptionist_ws/src/install/smrr_multinav' for CMake config files
[5.350s] Level 1:colcon.colcon_core.environment:checking '/home/sithija/mobile_receptionist_ws/src/install/smrr_multinav/bin'
[5.350s] Level 1:colcon.colcon_core.environment:checking '/home/sithija/mobile_receptionist_ws/src/install/smrr_multinav/lib/pkgconfig/smrr_multinav.pc'
[5.351s] Level 1:colcon.colcon_core.environment:checking '/home/sithija/mobile_receptionist_ws/src/install/smrr_multinav/lib/python3.10/site-packages'
[5.351s] Level 1:colcon.colcon_core.environment:checking '/home/sithija/mobile_receptionist_ws/src/install/smrr_multinav/bin'
[5.367s] INFO:colcon.colcon_core.shell:Creating package script '/home/sithija/mobile_receptionist_ws/src/install/smrr_multinav/share/smrr_multinav/package.ps1'
[5.367s] INFO:colcon.colcon_core.shell:Creating package descriptor '/home/sithija/mobile_receptionist_ws/src/install/smrr_multinav/share/smrr_multinav/package.dsv'
[5.368s] INFO:colcon.colcon_core.shell:Creating package script '/home/sithija/mobile_receptionist_ws/src/install/smrr_multinav/share/smrr_multinav/package.sh'
[5.368s] INFO:colcon.colcon_core.shell:Creating package script '/home/sithija/mobile_receptionist_ws/src/install/smrr_multinav/share/smrr_multinav/package.bash'
[5.369s] INFO:colcon.colcon_core.shell:Creating package script '/home/sithija/mobile_receptionist_ws/src/install/smrr_multinav/share/smrr_multinav/package.zsh'
[5.370s] Level 1:colcon.colcon_core.environment:create_file_with_runtime_dependencies(/home/sithija/mobile_receptionist_ws/src/install/smrr_multinav/share/colcon-core/packages/smrr_multinav)
[5.380s] DEBUG:colcon.colcon_parallel_executor.executor.parallel:closing loop
[5.380s] DEBUG:colcon.colcon_parallel_executor.executor.parallel:loop closed
[5.380s] DEBUG:colcon.colcon_parallel_executor.executor.parallel:run_until_complete finished with '2'
[5.380s] DEBUG:colcon.colcon_core.event_reactor:joining thread
[5.401s] INFO:colcon.colcon_core.plugin_system:Skipping extension 'colcon_notification.desktop_notification.terminal_notifier': Not used on non-Darwin systems
[5.401s] INFO:colcon.colcon_core.plugin_system:Skipping extension 'colcon_notification.desktop_notification.win32': Not used on non-Windows systems
[5.401s] INFO:colcon.colcon_notification.desktop_notification:Sending desktop notification using 'notify2'
[5.418s] DEBUG:colcon.colcon_core.event_reactor:joined thread
[5.435s] INFO:colcon.colcon_core.shell:Creating prefix script '/home/sithija/mobile_receptionist_ws/src/install/local_setup.ps1'
[5.436s] INFO:colcon.colcon_core.shell:Creating prefix util module '/home/sithija/mobile_receptionist_ws/src/install/_local_setup_util_ps1.py'
[5.437s] INFO:colcon.colcon_core.shell:Creating prefix chain script '/home/sithija/mobile_receptionist_ws/src/install/setup.ps1'
[5.454s] INFO:colcon.colcon_core.shell:Creating prefix script '/home/sithija/mobile_receptionist_ws/src/install/local_setup.sh'
[5.455s] INFO:colcon.colcon_core.shell:Creating prefix util module '/home/sithija/mobile_receptionist_ws/src/install/_local_setup_util_sh.py'
[5.455s] INFO:colcon.colcon_core.shell:Creating prefix chain script '/home/sithija/mobile_receptionist_ws/src/install/setup.sh'
[5.472s] INFO:colcon.colcon_core.shell:Creating prefix script '/home/sithija/mobile_receptionist_ws/src/install/local_setup.bash'
[5.473s] INFO:colcon.colcon_core.shell:Creating prefix chain script '/home/sithija/mobile_receptionist_ws/src/install/setup.bash'
[5.490s] INFO:colcon.colcon_core.shell:Creating prefix script '/home/sithija/mobile_receptionist_ws/src/install/local_setup.zsh'
[5.490s] INFO:colcon.colcon_core.shell:Creating prefix chain script '/home/sithija/mobile_receptionist_ws/src/install/setup.zsh'
