[1.118s] DEBUG:colcon:Command line arguments: ['/usr/bin/colcon', 'build', '--symlink-install', '--packages-up-to', 'smrr_multinav']
[1.118s] DEBUG:colcon:Parsed command line arguments: Namespace(log_base=None, log_level=None, verb_name='build', build_base='build', install_base='install', merge_install=False, symlink_install=True, test_result_base=None, continue_on_error=False, executor='parallel', parallel_workers=16, event_handlers=None, ignore_user_meta=False, metas=['./colcon.meta'], base_paths=['.'], packages_ignore=None, packages_ignore_regex=None, paths=None, packages_up_to=['smrr_multinav'], packages_up_to_regex=None, packages_above=None, packages_above_and_dependencies=None, packages_above_depth=None, packages_select_by_dep=None, packages_skip_by_dep=None, packages_skip_up_to=None, packages_select_build_failed=False, packages_skip_build_finished=False, packages_select_test_failures=False, packages_skip_test_passed=False, packages_select=None, packages_skip=None, packages_select_regex=None, packages_skip_regex=None, packages_start=None, packages_end=None, allow_overriding=[], cmake_args=None, cmake_target=None, cmake_target_skip_unavailable=False, cmake_clean_cache=False, cmake_clean_first=False, cmake_force_configure=False, ament_cmake_args=None, catkin_cmake_args=None, catkin_skip_building_tests=False, verb_parser=<colcon_defaults.argument_parser.defaults.DefaultArgumentsDecorator object at 0x7a4ea9eabf10>, verb_extension=<colcon_core.verb.build.BuildVerb object at 0x7a4ea9eaa0e0>, main=<bound method BuildVerb.main of <colcon_core.verb.build.BuildVerb object at 0x7a4ea9eaa0e0>>)
[1.171s] Level 1:colcon.colcon_core.package_discovery:discover_packages(colcon_meta) check parameters
[1.171s] Level 1:colcon.colcon_core.package_discovery:discover_packages(recursive) check parameters
[1.171s] Level 1:colcon.colcon_core.package_discovery:discover_packages(ignore) check parameters
[1.171s] Level 1:colcon.colcon_core.package_discovery:discover_packages(path) check parameters
[1.171s] Level 1:colcon.colcon_core.package_discovery:discover_packages(colcon_meta) discover
[1.171s] Level 1:colcon.colcon_core.package_discovery:discover_packages(recursive) discover
[1.171s] INFO:colcon.colcon_core.package_discovery:Crawling recursively for packages in '/home/sithija/mobile_receptionist_ws/src'
[1.171s] Level 1:colcon.colcon_core.package_identification:_identify(.) by extensions ['ignore', 'ignore_ament_install']
[1.172s] Level 1:colcon.colcon_core.package_identification:_identify(.) by extension 'ignore'
[1.172s] Level 1:colcon.colcon_core.package_identification:_identify(.) by extension 'ignore_ament_install'
[1.172s] Level 1:colcon.colcon_core.package_identification:_identify(.) by extensions ['colcon_pkg']
[1.172s] Level 1:colcon.colcon_core.package_identification:_identify(.) by extension 'colcon_pkg'
[1.172s] Level 1:colcon.colcon_core.package_identification:_identify(.) by extensions ['colcon_meta']
[1.172s] Level 1:colcon.colcon_core.package_identification:_identify(.) by extension 'colcon_meta'
[1.172s] Level 1:colcon.colcon_core.package_identification:_identify(.) by extensions ['ros']
[1.172s] Level 1:colcon.colcon_core.package_identification:_identify(.) by extension 'ros'
[1.182s] Level 1:colcon.colcon_core.package_identification:_identify(.) by extensions ['cmake', 'python']
[1.182s] Level 1:colcon.colcon_core.package_identification:_identify(.) by extension 'cmake'
[1.183s] Level 1:colcon.colcon_core.package_identification:_identify(.) by extension 'python'
[1.183s] Level 1:colcon.colcon_core.package_identification:_identify(.) by extensions ['python_setup_py']
[1.183s] Level 1:colcon.colcon_core.package_identification:_identify(.) by extension 'python_setup_py'
[1.183s] Level 1:colcon.colcon_core.package_identification:_identify(build) by extensions ['ignore', 'ignore_ament_install']
[1.183s] Level 1:colcon.colcon_core.package_identification:_identify(build) by extension 'ignore'
[1.183s] Level 1:colcon.colcon_core.package_identification:_identify(build) ignored
[1.183s] Level 1:colcon.colcon_core.package_identification:_identify(elevator) by extensions ['ignore', 'ignore_ament_install']
[1.183s] Level 1:colcon.colcon_core.package_identification:_identify(elevator) by extension 'ignore'
[1.183s] Level 1:colcon.colcon_core.package_identification:_identify(elevator) by extension 'ignore_ament_install'
[1.183s] Level 1:colcon.colcon_core.package_identification:_identify(elevator) by extensions ['colcon_pkg']
[1.183s] Level 1:colcon.colcon_core.package_identification:_identify(elevator) by extension 'colcon_pkg'
[1.183s] Level 1:colcon.colcon_core.package_identification:_identify(elevator) by extensions ['colcon_meta']
[1.183s] Level 1:colcon.colcon_core.package_identification:_identify(elevator) by extension 'colcon_meta'
[1.183s] Level 1:colcon.colcon_core.package_identification:_identify(elevator) by extensions ['ros']
[1.183s] Level 1:colcon.colcon_core.package_identification:_identify(elevator) by extension 'ros'
[1.186s] DEBUG:colcon.colcon_core.package_identification:Package 'elevator' with type 'ros.ament_cmake' and name 'elevator'
[1.186s] Level 1:colcon.colcon_core.package_identification:_identify(gazebo_plugins) by extensions ['ignore', 'ignore_ament_install']
[1.186s] Level 1:colcon.colcon_core.package_identification:_identify(gazebo_plugins) by extension 'ignore'
[1.186s] Level 1:colcon.colcon_core.package_identification:_identify(gazebo_plugins) by extension 'ignore_ament_install'
[1.186s] Level 1:colcon.colcon_core.package_identification:_identify(gazebo_plugins) by extensions ['colcon_pkg']
[1.186s] Level 1:colcon.colcon_core.package_identification:_identify(gazebo_plugins) by extension 'colcon_pkg'
[1.186s] Level 1:colcon.colcon_core.package_identification:_identify(gazebo_plugins) by extensions ['colcon_meta']
[1.186s] Level 1:colcon.colcon_core.package_identification:_identify(gazebo_plugins) by extension 'colcon_meta'
[1.186s] Level 1:colcon.colcon_core.package_identification:_identify(gazebo_plugins) by extensions ['ros']
[1.186s] Level 1:colcon.colcon_core.package_identification:_identify(gazebo_plugins) by extension 'ros'
[1.187s] DEBUG:colcon.colcon_core.package_identification:Package 'gazebo_plugins' with type 'ros.ament_cmake' and name 'gazebo_plugins'
[1.187s] Level 1:colcon.colcon_core.package_identification:_identify(gazebo_sfm_plugin-galactic) by extensions ['ignore', 'ignore_ament_install']
[1.187s] Level 1:colcon.colcon_core.package_identification:_identify(gazebo_sfm_plugin-galactic) by extension 'ignore'
[1.187s] Level 1:colcon.colcon_core.package_identification:_identify(gazebo_sfm_plugin-galactic) by extension 'ignore_ament_install'
[1.187s] Level 1:colcon.colcon_core.package_identification:_identify(gazebo_sfm_plugin-galactic) by extensions ['colcon_pkg']
[1.188s] Level 1:colcon.colcon_core.package_identification:_identify(gazebo_sfm_plugin-galactic) by extension 'colcon_pkg'
[1.188s] Level 1:colcon.colcon_core.package_identification:_identify(gazebo_sfm_plugin-galactic) by extensions ['colcon_meta']
[1.188s] Level 1:colcon.colcon_core.package_identification:_identify(gazebo_sfm_plugin-galactic) by extension 'colcon_meta'
[1.188s] Level 1:colcon.colcon_core.package_identification:_identify(gazebo_sfm_plugin-galactic) by extensions ['ros']
[1.188s] Level 1:colcon.colcon_core.package_identification:_identify(gazebo_sfm_plugin-galactic) by extension 'ros'
[1.188s] DEBUG:colcon.colcon_core.package_identification:Package 'gazebo_sfm_plugin-galactic' with type 'ros.ament_cmake' and name 'gazebo_sfm_plugin'
[1.189s] Level 1:colcon.colcon_core.package_identification:_identify(gazebo_worlds) by extensions ['ignore', 'ignore_ament_install']
[1.189s] Level 1:colcon.colcon_core.package_identification:_identify(gazebo_worlds) by extension 'ignore'
[1.189s] Level 1:colcon.colcon_core.package_identification:_identify(gazebo_worlds) by extension 'ignore_ament_install'
[1.189s] Level 1:colcon.colcon_core.package_identification:_identify(gazebo_worlds) by extensions ['colcon_pkg']
[1.189s] Level 1:colcon.colcon_core.package_identification:_identify(gazebo_worlds) by extension 'colcon_pkg'
[1.189s] Level 1:colcon.colcon_core.package_identification:_identify(gazebo_worlds) by extensions ['colcon_meta']
[1.189s] Level 1:colcon.colcon_core.package_identification:_identify(gazebo_worlds) by extension 'colcon_meta'
[1.189s] Level 1:colcon.colcon_core.package_identification:_identify(gazebo_worlds) by extensions ['ros']
[1.189s] Level 1:colcon.colcon_core.package_identification:_identify(gazebo_worlds) by extension 'ros'
[1.189s] Level 1:colcon.colcon_core.package_identification:_identify(gazebo_worlds) by extensions ['cmake', 'python']
[1.189s] Level 1:colcon.colcon_core.package_identification:_identify(gazebo_worlds) by extension 'cmake'
[1.189s] Level 1:colcon.colcon_core.package_identification:_identify(gazebo_worlds) by extension 'python'
[1.189s] Level 1:colcon.colcon_core.package_identification:_identify(gazebo_worlds) by extensions ['python_setup_py']
[1.189s] Level 1:colcon.colcon_core.package_identification:_identify(gazebo_worlds) by extension 'python_setup_py'
[1.189s] Level 1:colcon.colcon_core.package_identification:_identify(goal_predictor) by extensions ['ignore', 'ignore_ament_install']
[1.189s] Level 1:colcon.colcon_core.package_identification:_identify(goal_predictor) by extension 'ignore'
[1.189s] Level 1:colcon.colcon_core.package_identification:_identify(goal_predictor) by extension 'ignore_ament_install'
[1.189s] Level 1:colcon.colcon_core.package_identification:_identify(goal_predictor) by extensions ['colcon_pkg']
[1.189s] Level 1:colcon.colcon_core.package_identification:_identify(goal_predictor) by extension 'colcon_pkg'
[1.189s] Level 1:colcon.colcon_core.package_identification:_identify(goal_predictor) by extensions ['colcon_meta']
[1.189s] Level 1:colcon.colcon_core.package_identification:_identify(goal_predictor) by extension 'colcon_meta'
[1.189s] Level 1:colcon.colcon_core.package_identification:_identify(goal_predictor) by extensions ['ros']
[1.190s] Level 1:colcon.colcon_core.package_identification:_identify(goal_predictor) by extension 'ros'
[1.190s] DEBUG:colcon.colcon_core.package_identification:Package 'goal_predictor' with type 'ros.ament_python' and name 'goal_predictor'
[1.190s] Level 1:colcon.colcon_core.package_identification:_identify(install) by extensions ['ignore', 'ignore_ament_install']
[1.191s] Level 1:colcon.colcon_core.package_identification:_identify(install) by extension 'ignore'
[1.191s] Level 1:colcon.colcon_core.package_identification:_identify(install) ignored
[1.191s] Level 1:colcon.colcon_core.package_identification:_identify(log) by extensions ['ignore', 'ignore_ament_install']
[1.191s] Level 1:colcon.colcon_core.package_identification:_identify(log) by extension 'ignore'
[1.191s] Level 1:colcon.colcon_core.package_identification:_identify(log) ignored
[1.191s] Level 1:colcon.colcon_core.package_identification:_identify(smrr_controller) by extensions ['ignore', 'ignore_ament_install']
[1.191s] Level 1:colcon.colcon_core.package_identification:_identify(smrr_controller) by extension 'ignore'
[1.191s] Level 1:colcon.colcon_core.package_identification:_identify(smrr_controller) by extension 'ignore_ament_install'
[1.191s] Level 1:colcon.colcon_core.package_identification:_identify(smrr_controller) by extensions ['colcon_pkg']
[1.191s] Level 1:colcon.colcon_core.package_identification:_identify(smrr_controller) by extension 'colcon_pkg'
[1.191s] Level 1:colcon.colcon_core.package_identification:_identify(smrr_controller) by extensions ['colcon_meta']
[1.191s] Level 1:colcon.colcon_core.package_identification:_identify(smrr_controller) by extension 'colcon_meta'
[1.191s] Level 1:colcon.colcon_core.package_identification:_identify(smrr_controller) by extensions ['ros']
[1.191s] Level 1:colcon.colcon_core.package_identification:_identify(smrr_controller) by extension 'ros'
[1.192s] DEBUG:colcon.colcon_core.package_identification:Package 'smrr_controller' with type 'ros.ament_cmake' and name 'smrr_controller'
[1.192s] Level 1:colcon.colcon_core.package_identification:_identify(smrr_crowd_nav) by extensions ['ignore', 'ignore_ament_install']
[1.192s] Level 1:colcon.colcon_core.package_identification:_identify(smrr_crowd_nav) by extension 'ignore'
[1.192s] Level 1:colcon.colcon_core.package_identification:_identify(smrr_crowd_nav) by extension 'ignore_ament_install'
[1.192s] Level 1:colcon.colcon_core.package_identification:_identify(smrr_crowd_nav) by extensions ['colcon_pkg']
[1.192s] Level 1:colcon.colcon_core.package_identification:_identify(smrr_crowd_nav) by extension 'colcon_pkg'
[1.192s] Level 1:colcon.colcon_core.package_identification:_identify(smrr_crowd_nav) by extensions ['colcon_meta']
[1.192s] Level 1:colcon.colcon_core.package_identification:_identify(smrr_crowd_nav) by extension 'colcon_meta'
[1.192s] Level 1:colcon.colcon_core.package_identification:_identify(smrr_crowd_nav) by extensions ['ros']
[1.192s] Level 1:colcon.colcon_core.package_identification:_identify(smrr_crowd_nav) by extension 'ros'
[1.192s] DEBUG:colcon.colcon_core.package_identification:Package 'smrr_crowd_nav' with type 'ros.ament_python' and name 'smrr_crowd_nav'
[1.193s] Level 1:colcon.colcon_core.package_identification:_identify(smrr_description) by extensions ['ignore', 'ignore_ament_install']
[1.193s] Level 1:colcon.colcon_core.package_identification:_identify(smrr_description) by extension 'ignore'
[1.193s] Level 1:colcon.colcon_core.package_identification:_identify(smrr_description) by extension 'ignore_ament_install'
[1.193s] Level 1:colcon.colcon_core.package_identification:_identify(smrr_description) by extensions ['colcon_pkg']
[1.193s] Level 1:colcon.colcon_core.package_identification:_identify(smrr_description) by extension 'colcon_pkg'
[1.193s] Level 1:colcon.colcon_core.package_identification:_identify(smrr_description) by extensions ['colcon_meta']
[1.193s] Level 1:colcon.colcon_core.package_identification:_identify(smrr_description) by extension 'colcon_meta'
[1.193s] Level 1:colcon.colcon_core.package_identification:_identify(smrr_description) by extensions ['ros']
[1.193s] Level 1:colcon.colcon_core.package_identification:_identify(smrr_description) by extension 'ros'
[1.194s] DEBUG:colcon.colcon_core.package_identification:Package 'smrr_description' with type 'ros.ament_cmake' and name 'smrr_description'
[1.194s] Level 1:colcon.colcon_core.package_identification:_identify(smrr_interfaces) by extensions ['ignore', 'ignore_ament_install']
[1.194s] Level 1:colcon.colcon_core.package_identification:_identify(smrr_interfaces) by extension 'ignore'
[1.194s] Level 1:colcon.colcon_core.package_identification:_identify(smrr_interfaces) by extension 'ignore_ament_install'
[1.194s] Level 1:colcon.colcon_core.package_identification:_identify(smrr_interfaces) by extensions ['colcon_pkg']
[1.194s] Level 1:colcon.colcon_core.package_identification:_identify(smrr_interfaces) by extension 'colcon_pkg'
[1.194s] Level 1:colcon.colcon_core.package_identification:_identify(smrr_interfaces) by extensions ['colcon_meta']
[1.194s] Level 1:colcon.colcon_core.package_identification:_identify(smrr_interfaces) by extension 'colcon_meta'
[1.194s] Level 1:colcon.colcon_core.package_identification:_identify(smrr_interfaces) by extensions ['ros']
[1.194s] Level 1:colcon.colcon_core.package_identification:_identify(smrr_interfaces) by extension 'ros'
[1.195s] DEBUG:colcon.colcon_core.package_identification:Package 'smrr_interfaces' with type 'ros.ament_cmake' and name 'smrr_interfaces'
[1.195s] Level 1:colcon.colcon_core.package_identification:_identify(smrr_localization) by extensions ['ignore', 'ignore_ament_install']
[1.195s] Level 1:colcon.colcon_core.package_identification:_identify(smrr_localization) by extension 'ignore'
[1.195s] Level 1:colcon.colcon_core.package_identification:_identify(smrr_localization) by extension 'ignore_ament_install'
[1.195s] Level 1:colcon.colcon_core.package_identification:_identify(smrr_localization) by extensions ['colcon_pkg']
[1.195s] Level 1:colcon.colcon_core.package_identification:_identify(smrr_localization) by extension 'colcon_pkg'
[1.195s] Level 1:colcon.colcon_core.package_identification:_identify(smrr_localization) by extensions ['colcon_meta']
[1.195s] Level 1:colcon.colcon_core.package_identification:_identify(smrr_localization) by extension 'colcon_meta'
[1.195s] Level 1:colcon.colcon_core.package_identification:_identify(smrr_localization) by extensions ['ros']
[1.195s] Level 1:colcon.colcon_core.package_identification:_identify(smrr_localization) by extension 'ros'
[1.196s] DEBUG:colcon.colcon_core.package_identification:Package 'smrr_localization' with type 'ros.ament_cmake' and name 'smrr_localization'
[1.196s] Level 1:colcon.colcon_core.package_identification:_identify(smrr_multinav) by extensions ['ignore', 'ignore_ament_install']
[1.196s] Level 1:colcon.colcon_core.package_identification:_identify(smrr_multinav) by extension 'ignore'
[1.196s] Level 1:colcon.colcon_core.package_identification:_identify(smrr_multinav) by extension 'ignore_ament_install'
[1.196s] Level 1:colcon.colcon_core.package_identification:_identify(smrr_multinav) by extensions ['colcon_pkg']
[1.196s] Level 1:colcon.colcon_core.package_identification:_identify(smrr_multinav) by extension 'colcon_pkg'
[1.196s] Level 1:colcon.colcon_core.package_identification:_identify(smrr_multinav) by extensions ['colcon_meta']
[1.196s] Level 1:colcon.colcon_core.package_identification:_identify(smrr_multinav) by extension 'colcon_meta'
[1.196s] Level 1:colcon.colcon_core.package_identification:_identify(smrr_multinav) by extensions ['ros']
[1.196s] Level 1:colcon.colcon_core.package_identification:_identify(smrr_multinav) by extension 'ros'
[1.197s] DEBUG:colcon.colcon_core.package_identification:Package 'smrr_multinav' with type 'ros.ament_cmake' and name 'smrr_multinav'
[1.197s] Level 1:colcon.colcon_core.package_identification:_identify(smrr_utilities) by extensions ['ignore', 'ignore_ament_install']
[1.197s] Level 1:colcon.colcon_core.package_identification:_identify(smrr_utilities) by extension 'ignore'
[1.197s] Level 1:colcon.colcon_core.package_identification:_identify(smrr_utilities) by extension 'ignore_ament_install'
[1.197s] Level 1:colcon.colcon_core.package_identification:_identify(smrr_utilities) by extensions ['colcon_pkg']
[1.197s] Level 1:colcon.colcon_core.package_identification:_identify(smrr_utilities) by extension 'colcon_pkg'
[1.197s] Level 1:colcon.colcon_core.package_identification:_identify(smrr_utilities) by extensions ['colcon_meta']
[1.197s] Level 1:colcon.colcon_core.package_identification:_identify(smrr_utilities) by extension 'colcon_meta'
[1.197s] Level 1:colcon.colcon_core.package_identification:_identify(smrr_utilities) by extensions ['ros']
[1.197s] Level 1:colcon.colcon_core.package_identification:_identify(smrr_utilities) by extension 'ros'
[1.198s] DEBUG:colcon.colcon_core.package_identification:Package 'smrr_utilities' with type 'ros.ament_python' and name 'smrr_utilities'
[1.198s] Level 1:colcon.colcon_core.package_discovery:discover_packages(recursive) using defaults
[1.198s] Level 1:colcon.colcon_core.package_discovery:discover_packages(ignore) discover
[1.198s] Level 1:colcon.colcon_core.package_discovery:discover_packages(ignore) using defaults
[1.198s] Level 1:colcon.colcon_core.package_discovery:discover_packages(path) discover
[1.198s] Level 1:colcon.colcon_core.package_discovery:discover_packages(path) using defaults
[1.286s] INFO:colcon.colcon_core.package_selection:Skipping package 'smrr_description' in 'smrr_description'
[1.286s] INFO:colcon.colcon_core.package_selection:Skipping package 'smrr_utilities' in 'smrr_utilities'
[1.286s] INFO:colcon.colcon_core.package_selection:Skipping package 'smrr_localization' in 'smrr_localization'
[1.286s] INFO:colcon.colcon_core.package_selection:Skipping package 'smrr_interfaces' in 'smrr_interfaces'
[1.286s] INFO:colcon.colcon_core.package_selection:Skipping package 'smrr_crowd_nav' in 'smrr_crowd_nav'
[1.286s] INFO:colcon.colcon_core.package_selection:Skipping package 'smrr_controller' in 'smrr_controller'
[1.286s] INFO:colcon.colcon_core.package_selection:Skipping package 'goal_predictor' in 'goal_predictor'
[1.286s] INFO:colcon.colcon_core.package_selection:Skipping package 'gazebo_sfm_plugin' in 'gazebo_sfm_plugin-galactic'
[1.286s] INFO:colcon.colcon_core.package_selection:Skipping package 'gazebo_plugins' in 'gazebo_plugins'
[1.287s] INFO:colcon.colcon_core.package_selection:Skipping package 'elevator' in 'elevator'
[1.322s] Level 1:colcon.colcon_core.package_discovery:discover_packages(prefix_path) check parameters
[1.322s] Level 1:colcon.colcon_core.package_discovery:discover_packages(prefix_path) discover
[1.360s] DEBUG:colcon.colcon_installed_package_information.package_discovery:Found 4 installed packages in /home/sithija/mini_project/install
[1.378s] DEBUG:colcon.colcon_installed_package_information.package_discovery:Found 12 installed packages in /home/sithija/mobile_receptionist_ws/install
[1.394s] DEBUG:colcon.colcon_installed_package_information.package_discovery:Found 4 installed packages in /home/sithija/voyager_ws/install
[1.412s] DEBUG:colcon.colcon_installed_package_information.package_discovery:Found 408 installed packages in /opt/ros/humble
[1.414s] Level 1:colcon.colcon_core.package_discovery:discover_packages(prefix_path) using defaults
[1.518s] Level 5:colcon.colcon_core.verb:set package 'smrr_multinav' build argument 'cmake_args' from command line to 'None'
[1.518s] Level 5:colcon.colcon_core.verb:set package 'smrr_multinav' build argument 'cmake_target' from command line to 'None'
[1.518s] Level 5:colcon.colcon_core.verb:set package 'smrr_multinav' build argument 'cmake_target_skip_unavailable' from command line to 'False'
[1.518s] Level 5:colcon.colcon_core.verb:set package 'smrr_multinav' build argument 'cmake_clean_cache' from command line to 'False'
[1.518s] Level 5:colcon.colcon_core.verb:set package 'smrr_multinav' build argument 'cmake_clean_first' from command line to 'False'
[1.518s] Level 5:colcon.colcon_core.verb:set package 'smrr_multinav' build argument 'cmake_force_configure' from command line to 'False'
[1.518s] Level 5:colcon.colcon_core.verb:set package 'smrr_multinav' build argument 'ament_cmake_args' from command line to 'None'
[1.518s] Level 5:colcon.colcon_core.verb:set package 'smrr_multinav' build argument 'catkin_cmake_args' from command line to 'None'
[1.518s] Level 5:colcon.colcon_core.verb:set package 'smrr_multinav' build argument 'catkin_skip_building_tests' from command line to 'False'
[1.518s] DEBUG:colcon.colcon_core.verb:Building package 'smrr_multinav' with the following arguments: {'ament_cmake_args': None, 'build_base': '/home/sithija/mobile_receptionist_ws/src/build/smrr_multinav', 'catkin_cmake_args': None, 'catkin_skip_building_tests': False, 'cmake_args': None, 'cmake_clean_cache': False, 'cmake_clean_first': False, 'cmake_force_configure': False, 'cmake_target': None, 'cmake_target_skip_unavailable': False, 'install_base': '/home/sithija/mobile_receptionist_ws/src/install/smrr_multinav', 'merge_install': False, 'path': '/home/sithija/mobile_receptionist_ws/src/smrr_multinav', 'symlink_install': True, 'test_result_base': None}
[1.533s] INFO:colcon.colcon_core.executor:Executing jobs using 'parallel' executor
[1.551s] DEBUG:colcon.colcon_parallel_executor.executor.parallel:run_until_complete
[1.551s] INFO:colcon.colcon_ros.task.ament_cmake.build:Building ROS package in '/home/sithija/mobile_receptionist_ws/src/smrr_multinav' with build type 'ament_cmake'
[1.551s] INFO:colcon.colcon_cmake.task.cmake.build:Building CMake package in '/home/sithija/mobile_receptionist_ws/src/smrr_multinav'
[1.570s] INFO:colcon.colcon_core.plugin_system:Skipping extension 'colcon_core.shell.bat': Not used on non-Windows systems
[1.570s] INFO:colcon.colcon_core.shell:Skip shell extension 'powershell' for command environment: Not usable outside of PowerShell
[1.570s] DEBUG:colcon.colcon_core.shell:Skip shell extension 'dsv' for command environment
[1.669s] DEBUG:colcon.colcon_core.event_handler.log_command:Invoking command in '/home/sithija/mobile_receptionist_ws/src/build/smrr_multinav': CMAKE_PREFIX_PATH=/home/sithija/mobile_receptionist_ws/install/smrr_utilities:/home/sithija/mobile_receptionist_ws/install/smrr_crowd_nav:/home/sithija/mobile_receptionist_ws/install/goal_predictor:/home/sithija/mini_project/install/crowd_simulator:/opt/ros/humble:${CMAKE_PREFIX_PATH} /usr/bin/cmake --build /home/sithija/mobile_receptionist_ws/src/build/smrr_multinav -- -j16 -l16
[7.244s] DEBUG:colcon.colcon_core.event_handler.log_command:Invoked command in '/home/sithija/mobile_receptionist_ws/src/build/smrr_multinav' returned '0': CMAKE_PREFIX_PATH=/home/sithija/mobile_receptionist_ws/install/smrr_utilities:/home/sithija/mobile_receptionist_ws/install/smrr_crowd_nav:/home/sithija/mobile_receptionist_ws/install/goal_predictor:/home/sithija/mini_project/install/crowd_simulator:/opt/ros/humble:${CMAKE_PREFIX_PATH} /usr/bin/cmake --build /home/sithija/mobile_receptionist_ws/src/build/smrr_multinav -- -j16 -l16
[7.300s] DEBUG:colcon.colcon_core.event_handler.log_command:Invoking command in '/home/sithija/mobile_receptionist_ws/src/build/smrr_multinav': CMAKE_PREFIX_PATH=/home/sithija/mobile_receptionist_ws/install/smrr_utilities:/home/sithija/mobile_receptionist_ws/install/smrr_crowd_nav:/home/sithija/mobile_receptionist_ws/install/goal_predictor:/home/sithija/mini_project/install/crowd_simulator:/opt/ros/humble:${CMAKE_PREFIX_PATH} /usr/bin/cmake --install /home/sithija/mobile_receptionist_ws/src/build/smrr_multinav
[7.322s] Level 1:colcon.colcon_core.environment:create_environment_scripts_only(smrr_multinav)
[7.323s] DEBUG:colcon.colcon_core.event_handler.log_command:Invoked command in '/home/sithija/mobile_receptionist_ws/src/build/smrr_multinav' returned '0': CMAKE_PREFIX_PATH=/home/sithija/mobile_receptionist_ws/install/smrr_utilities:/home/sithija/mobile_receptionist_ws/install/smrr_crowd_nav:/home/sithija/mobile_receptionist_ws/install/goal_predictor:/home/sithija/mini_project/install/crowd_simulator:/opt/ros/humble:${CMAKE_PREFIX_PATH} /usr/bin/cmake --install /home/sithija/mobile_receptionist_ws/src/build/smrr_multinav
[7.341s] Level 1:colcon.colcon_core.environment:checking '/home/sithija/mobile_receptionist_ws/src/install/smrr_multinav' for CMake module files
[7.341s] Level 1:colcon.colcon_core.environment:checking '/home/sithija/mobile_receptionist_ws/src/install/smrr_multinav' for CMake config files
[7.341s] Level 1:colcon.colcon_core.shell:create_environment_hook('smrr_multinav', 'cmake_prefix_path')
[7.366s] INFO:colcon.colcon_core.shell:Creating environment hook '/home/sithija/mobile_receptionist_ws/src/install/smrr_multinav/share/smrr_multinav/hook/cmake_prefix_path.ps1'
[7.367s] INFO:colcon.colcon_core.shell:Creating environment descriptor '/home/sithija/mobile_receptionist_ws/src/install/smrr_multinav/share/smrr_multinav/hook/cmake_prefix_path.dsv'
[7.368s] INFO:colcon.colcon_core.shell:Creating environment hook '/home/sithija/mobile_receptionist_ws/src/install/smrr_multinav/share/smrr_multinav/hook/cmake_prefix_path.sh'
[7.369s] Level 1:colcon.colcon_core.environment:checking '/home/sithija/mobile_receptionist_ws/src/install/smrr_multinav/lib'
[7.370s] Level 1:colcon.colcon_core.environment:checking '/home/sithija/mobile_receptionist_ws/src/install/smrr_multinav/bin'
[7.370s] Level 1:colcon.colcon_core.environment:checking '/home/sithija/mobile_receptionist_ws/src/install/smrr_multinav/lib/pkgconfig/smrr_multinav.pc'
[7.370s] Level 1:colcon.colcon_core.environment:checking '/home/sithija/mobile_receptionist_ws/src/install/smrr_multinav/lib/python3.10/site-packages'
[7.371s] Level 1:colcon.colcon_core.environment:checking '/home/sithija/mobile_receptionist_ws/src/install/smrr_multinav/bin'
[7.388s] INFO:colcon.colcon_core.shell:Creating package script '/home/sithija/mobile_receptionist_ws/src/install/smrr_multinav/share/smrr_multinav/package.ps1'
[7.389s] INFO:colcon.colcon_core.shell:Creating package descriptor '/home/sithija/mobile_receptionist_ws/src/install/smrr_multinav/share/smrr_multinav/package.dsv'
[7.390s] INFO:colcon.colcon_core.shell:Creating package script '/home/sithija/mobile_receptionist_ws/src/install/smrr_multinav/share/smrr_multinav/package.sh'
[7.390s] INFO:colcon.colcon_core.shell:Creating package script '/home/sithija/mobile_receptionist_ws/src/install/smrr_multinav/share/smrr_multinav/package.bash'
[7.391s] INFO:colcon.colcon_core.shell:Creating package script '/home/sithija/mobile_receptionist_ws/src/install/smrr_multinav/share/smrr_multinav/package.zsh'
[7.391s] Level 1:colcon.colcon_core.environment:create_file_with_runtime_dependencies(/home/sithija/mobile_receptionist_ws/src/install/smrr_multinav/share/colcon-core/packages/smrr_multinav)
[7.476s] Level 1:colcon.colcon_core.environment:create_environment_scripts_only(smrr_multinav)
[7.491s] Level 1:colcon.colcon_core.environment:checking '/home/sithija/mobile_receptionist_ws/src/install/smrr_multinav' for CMake module files
[7.492s] Level 1:colcon.colcon_core.environment:checking '/home/sithija/mobile_receptionist_ws/src/install/smrr_multinav' for CMake config files
[7.492s] Level 1:colcon.colcon_core.shell:create_environment_hook('smrr_multinav', 'cmake_prefix_path')
[7.507s] INFO:colcon.colcon_core.shell:Creating environment hook '/home/sithija/mobile_receptionist_ws/src/install/smrr_multinav/share/smrr_multinav/hook/cmake_prefix_path.ps1'
[7.508s] INFO:colcon.colcon_core.shell:Creating environment descriptor '/home/sithija/mobile_receptionist_ws/src/install/smrr_multinav/share/smrr_multinav/hook/cmake_prefix_path.dsv'
[7.508s] INFO:colcon.colcon_core.shell:Creating environment hook '/home/sithija/mobile_receptionist_ws/src/install/smrr_multinav/share/smrr_multinav/hook/cmake_prefix_path.sh'
[7.509s] Level 1:colcon.colcon_core.environment:checking '/home/sithija/mobile_receptionist_ws/src/install/smrr_multinav/lib'
[7.509s] Level 1:colcon.colcon_core.environment:checking '/home/sithija/mobile_receptionist_ws/src/install/smrr_multinav/bin'
[7.509s] Level 1:colcon.colcon_core.environment:checking '/home/sithija/mobile_receptionist_ws/src/install/smrr_multinav/lib/pkgconfig/smrr_multinav.pc'
[7.509s] Level 1:colcon.colcon_core.environment:checking '/home/sithija/mobile_receptionist_ws/src/install/smrr_multinav/lib/python3.10/site-packages'
[7.509s] Level 1:colcon.colcon_core.environment:checking '/home/sithija/mobile_receptionist_ws/src/install/smrr_multinav/bin'
[7.525s] INFO:colcon.colcon_core.shell:Creating package script '/home/sithija/mobile_receptionist_ws/src/install/smrr_multinav/share/smrr_multinav/package.ps1'
[7.526s] INFO:colcon.colcon_core.shell:Creating package descriptor '/home/sithija/mobile_receptionist_ws/src/install/smrr_multinav/share/smrr_multinav/package.dsv'
[7.526s] INFO:colcon.colcon_core.shell:Creating package script '/home/sithija/mobile_receptionist_ws/src/install/smrr_multinav/share/smrr_multinav/package.sh'
[7.526s] INFO:colcon.colcon_core.shell:Creating package script '/home/sithija/mobile_receptionist_ws/src/install/smrr_multinav/share/smrr_multinav/package.bash'
[7.527s] INFO:colcon.colcon_core.shell:Creating package script '/home/sithija/mobile_receptionist_ws/src/install/smrr_multinav/share/smrr_multinav/package.zsh'
[7.527s] Level 1:colcon.colcon_core.environment:create_file_with_runtime_dependencies(/home/sithija/mobile_receptionist_ws/src/install/smrr_multinav/share/colcon-core/packages/smrr_multinav)
[7.527s] DEBUG:colcon.colcon_parallel_executor.executor.parallel:closing loop
[7.527s] DEBUG:colcon.colcon_parallel_executor.executor.parallel:loop closed
[7.527s] DEBUG:colcon.colcon_parallel_executor.executor.parallel:run_until_complete finished with '0'
[7.527s] DEBUG:colcon.colcon_core.event_reactor:joining thread
[7.577s] INFO:colcon.colcon_core.plugin_system:Skipping extension 'colcon_notification.desktop_notification.terminal_notifier': Not used on non-Darwin systems
[7.577s] INFO:colcon.colcon_core.plugin_system:Skipping extension 'colcon_notification.desktop_notification.win32': Not used on non-Windows systems
[7.577s] INFO:colcon.colcon_notification.desktop_notification:Sending desktop notification using 'notify2'
[7.594s] DEBUG:colcon.colcon_core.event_reactor:joined thread
[7.612s] INFO:colcon.colcon_core.shell:Creating prefix script '/home/sithija/mobile_receptionist_ws/src/install/local_setup.ps1'
[7.612s] INFO:colcon.colcon_core.shell:Creating prefix util module '/home/sithija/mobile_receptionist_ws/src/install/_local_setup_util_ps1.py'
[7.613s] INFO:colcon.colcon_core.shell:Creating prefix chain script '/home/sithija/mobile_receptionist_ws/src/install/setup.ps1'
[7.630s] INFO:colcon.colcon_core.shell:Creating prefix script '/home/sithija/mobile_receptionist_ws/src/install/local_setup.sh'
[7.630s] INFO:colcon.colcon_core.shell:Creating prefix util module '/home/sithija/mobile_receptionist_ws/src/install/_local_setup_util_sh.py'
[7.631s] INFO:colcon.colcon_core.shell:Creating prefix chain script '/home/sithija/mobile_receptionist_ws/src/install/setup.sh'
[7.648s] INFO:colcon.colcon_core.shell:Creating prefix script '/home/sithija/mobile_receptionist_ws/src/install/local_setup.bash'
[7.649s] INFO:colcon.colcon_core.shell:Creating prefix chain script '/home/sithija/mobile_receptionist_ws/src/install/setup.bash'
[7.666s] INFO:colcon.colcon_core.shell:Creating prefix script '/home/sithija/mobile_receptionist_ws/src/install/local_setup.zsh'
[7.666s] INFO:colcon.colcon_core.shell:Creating prefix chain script '/home/sithija/mobile_receptionist_ws/src/install/setup.zsh'
