In file included from [01m[K/opt/ros/humble/include/rclcpp/rclcpp/logging.hpp:24[m[K,
                 from [01m[K/opt/ros/humble/include/rclcpp/rclcpp/client.hpp:40[m[K,
                 from [01m[K/opt/ros/humble/include/rclcpp/rclcpp/callback_group.hpp:24[m[K,
                 from [01m[K/opt/ros/humble/include/rclcpp/rclcpp/any_executable.hpp:20[m[K,
                 from [01m[K/opt/ros/humble/include/rclcpp/rclcpp/memory_strategy.hpp:25[m[K,
                 from [01m[K/opt/ros/humble/include/rclcpp/rclcpp/memory_strategies.hpp:18[m[K,
                 from [01m[K/opt/ros/humble/include/rclcpp/rclcpp/executor_options.hpp:20[m[K,
                 from [01m[K/opt/ros/humble/include/rclcpp/rclcpp/executor.hpp:37[m[K,
                 from [01m[K/opt/ros/humble/include/rclcpp/rclcpp/executors/multi_threaded_executor.hpp:25[m[K,
                 from [01m[K/opt/ros/humble/include/rclcpp/rclcpp/executors.hpp:21[m[K,
                 from [01m[K/opt/ros/humble/include/rclcpp/rclcpp/rclcpp.hpp:155[m[K,
                 from [01m[K/home/sithija/mobile_receptionist_ws/src/smrr_multinav/include/smrr_multinav/multinav_behaviors.h:2[m[K,
                 from [01m[K/home/sithija/mobile_receptionist_ws/src/smrr_multinav/src/multinav_behaviors.cpp:1[m[K:
[01m[K/home/sithija/mobile_receptionist_ws/src/smrr_multinav/src/multinav_behaviors.cpp:[m[K In member function ‘[01m[Kvirtual BT::NodeStatus GoToPose::onRunning()[m[K’:
[01m[K/home/sithija/mobile_receptionist_ws/src/smrr_multinav/src/multinav_behaviors.cpp:50:50:[m[K [01;35m[Kwarning: [m[Kformat ‘[01m[K%s[m[K’ expects argument of type ‘[01m[Kchar*[m[K’, but argument 5 has type ‘[01m[Kconst string[m[K’ {aka ‘[01m[Kconst std::__cxx11::basic_string<char>[m[K’} [[01;35m[K]8;;https://gcc.gnu.org/onlinedocs/gcc/Warning-Options.html#index-Wformat=-Wformat=]8;;[m[K]
   50 |             RCLCPP_INFO(node_ptr_->get_logger(), [01;35m[K"[%s] goal reached\n"[m[K,this->name());
      |                                                  [01;35m[K^~~~~~~~~~~~~~~~~~~~~[m[K
[01m[K/home/sithija/mobile_receptionist_ws/src/smrr_multinav/src/multinav_behaviors.cpp:50:53:[m[K [01;36m[Knote: [m[Kformat string is defined here
   50 |             RCLCPP_INFO(node_ptr_->get_logger(), "[[01;36m[K%s[m[K] goal reached\n",this->name());
      |                                                    [01;36m[K~^[m[K
      |                                                     [01;36m[K|[m[K
      |                                                     [01;36m[Kchar*[m[K
In file included from [01m[K/opt/ros/humble/include/rclcpp/rclcpp/logging.hpp:24[m[K,
                 from [01m[K/opt/ros/humble/include/rclcpp/rclcpp/client.hpp:40[m[K,
                 from [01m[K/opt/ros/humble/include/rclcpp/rclcpp/callback_group.hpp:24[m[K,
                 from [01m[K/opt/ros/humble/include/rclcpp/rclcpp/any_executable.hpp:20[m[K,
                 from [01m[K/opt/ros/humble/include/rclcpp/rclcpp/memory_strategy.hpp:25[m[K,
                 from [01m[K/opt/ros/humble/include/rclcpp/rclcpp/memory_strategies.hpp:18[m[K,
                 from [01m[K/opt/ros/humble/include/rclcpp/rclcpp/executor_options.hpp:20[m[K,
                 from [01m[K/opt/ros/humble/include/rclcpp/rclcpp/executor.hpp:37[m[K,
                 from [01m[K/opt/ros/humble/include/rclcpp/rclcpp/executors/multi_threaded_executor.hpp:25[m[K,
                 from [01m[K/opt/ros/humble/include/rclcpp/rclcpp/executors.hpp:21[m[K,
                 from [01m[K/opt/ros/humble/include/rclcpp/rclcpp/rclcpp.hpp:155[m[K,
                 from [01m[K/home/sithija/mobile_receptionist_ws/src/smrr_multinav/include/smrr_multinav/multinav_behaviors.h:2[m[K,
                 from [01m[K/home/sithija/mobile_receptionist_ws/src/smrr_multinav/src/multinav_behaviors.cpp:1[m[K:
[01m[K/home/sithija/mobile_receptionist_ws/src/smrr_multinav/src/multinav_behaviors.cpp:[m[K In member function ‘[01m[Kvirtual BT::NodeStatus LoadMapFromSlam::onStart()[m[K’:
[01m[K/home/sithija/mobile_receptionist_ws/src/smrr_multinav/src/multinav_behaviors.cpp:87:42:[m[K [01;35m[Kwarning: [m[Ktoo many arguments for format [[01;35m[K]8;;https://gcc.gnu.org/onlinedocs/gcc/Warning-Options.html#index-Wformat-extra-args-Wformat-extra-args]8;;[m[K]
   87 |     RCLCPP_INFO(node_ptr_->get_logger(), [01;35m[K" map file path: "[m[K, map_path);
      |                                          [01;35m[K^~~~~~~~~~~~~~~~~~[m[K
[01m[K/home/sithija/mobile_receptionist_ws/src/smrr_multinav/src/multinav_behaviors.cpp:89:26:[m[K [01;31m[Kerror: [m[Kexpected ‘[01m[K;[m[K’ before ‘[01m[Krequest[m[K’
   89 |     request->match_type=2
      |                          [01;31m[K^[m[K
      |                          [32m[K;[m[K
   90 |     [32m[Krequest[m[K->initial_pose=geometry_msgs.msg.Pose2D(x=0.0, y=0.0, theta=0.0)
      |     [32m[K~~~~~~~[m[K               
gmake[2]: *** [CMakeFiles/multinav.dir/build.make:90: CMakeFiles/multinav.dir/src/multinav_behaviors.cpp.o] Error 1
gmake[2]: *** Waiting for unfinished jobs....
gmake[1]: *** [CMakeFiles/Makefile2:137: CMakeFiles/multinav.dir/all] Error 2
gmake: *** [Makefile:146: all] Error 2
