[0.108s] Invoking command in '/home/sithija/mobile_receptionist_ws/src/build/smrr_multinav': CMAKE_PREFIX_PATH=/home/sithija/mobile_receptionist_ws/install/smrr_utilities:/home/sithija/mobile_receptionist_ws/install/smrr_crowd_nav:/home/sithija/mobile_receptionist_ws/install/goal_predictor:/home/sithija/mini_project/install/crowd_simulator:/opt/ros/humble:${CMAKE_PREFIX_PATH} /usr/bin/cmake /home/sithija/mobile_receptionist_ws/src/smrr_multinav -DAMENT_CMAKE_SYMLINK_INSTALL=1 -DCMAKE_INSTALL_PREFIX=/home/sithija/mobile_receptionist_ws/src/install/smrr_multinav
[0.258s] -- The C compiler identification is GNU 11.4.0
[0.352s] -- The CXX compiler identification is GNU 11.4.0
[0.371s] -- Detecting C compiler ABI info
[0.466s] -- Detecting C compiler ABI info - done
[0.481s] -- Check for working C compiler: /usr/bin/cc - skipped
[0.482s] -- Detecting C compile features
[0.483s] -- Detecting C compile features - done
[0.489s] -- Detecting CXX compiler ABI info
[0.583s] -- Detecting CXX compiler ABI info - done
[0.599s] -- Check for working CXX compiler: /usr/bin/c++ - skipped
[0.599s] -- Detecting CXX compile features
[0.600s] -- Detecting CXX compile features - done
[0.608s] -- Found ament_cmake: 1.3.6 (/opt/ros/humble/share/ament_cmake/cmake)
[0.833s] -- Found Python3: /usr/bin/python3.10 (found version "3.10.12") found components: Interpreter 
[0.896s] -- Override CMake install command with custom implementation using symlinks instead of copying resources
[0.964s] -- Found rclcpp: 16.0.7 (/opt/ros/humble/share/rclcpp/cmake)
[1.017s] -- Found rosidl_generator_c: 3.1.5 (/opt/ros/humble/share/rosidl_generator_c/cmake)
[1.024s] -- Found rosidl_adapter: 3.1.5 (/opt/ros/humble/share/rosidl_adapter/cmake)
[1.035s] -- Found rosidl_generator_cpp: 3.1.5 (/opt/ros/humble/share/rosidl_generator_cpp/cmake)
[1.050s] -- Using all available rosidl_typesupport_c: rosidl_typesupport_fastrtps_c;rosidl_typesupport_introspection_c
[1.071s] -- Using all available rosidl_typesupport_cpp: rosidl_typesupport_fastrtps_cpp;rosidl_typesupport_introspection_cpp
[1.141s] -- Found rmw_implementation_cmake: 6.1.1 (/opt/ros/humble/share/rmw_implementation_cmake/cmake)
[1.145s] -- Found rmw_cyclonedds_cpp: 1.3.4 (/opt/ros/humble/share/rmw_cyclonedds_cpp/cmake)
[1.184s] -- Using RMW implementation 'rmw_cyclonedds_cpp' as default
[1.197s] -- Looking for pthread.h
[1.293s] -- Looking for pthread.h - found
[1.293s] -- Performing Test CMAKE_HAVE_LIBC_PTHREAD
[1.383s] -- Performing Test CMAKE_HAVE_LIBC_PTHREAD - Success
[1.384s] -- Found Threads: TRUE  
[1.557s] -- Found rclcpp_action: 16.0.7 (/opt/ros/humble/share/rclcpp_action/cmake)
[1.648s] -- Found nav2_msgs: 1.1.12 (/opt/ros/humble/share/nav2_msgs/cmake)
[1.943s] -- Found tf2: 0.25.5 (/opt/ros/humble/share/tf2/cmake)
[1.961s] -- Found tf2_geometry_msgs: 0.25.5 (/opt/ros/humble/share/tf2_geometry_msgs/cmake)
[1.982s] -- Found eigen3_cmake_module: 0.1.1 (/opt/ros/humble/share/eigen3_cmake_module/cmake)
[1.983s] -- Found Eigen3: TRUE (found version "3.4.0") 
[1.983s] -- Ensuring Eigen3 include directory is part of orocos-kdl CMake target
[2.211s] -- Found slam_toolbox: 2.6.6 (/opt/ros/humble/share/slam_toolbox/cmake)
[2.747s] -- Setting OGRE_DIR to: '/opt/ros/humble/share/rviz_ogre_vendor/cmake/../../../opt/rviz_ogre_vendor/lib/OGRE/cmake'
[2.748s] -- Found OGRE
[2.748s] --   static     : OFF
[2.749s] --   components : HLMS;MeshLodGenerator;Overlay;Paging;Property;RTShaderSystem;Terrain;Volume
[2.749s] --   plugins    : Plugin_BSPSceneManager;Plugin_OctreeSceneManager;Plugin_PCZSceneManager;Plugin_ParticleFX;RenderSystem_GL;RenderSystem_GL3Plus;Codec_STBI
[2.749s] --   media      : /opt/ros/humble/opt/rviz_ogre_vendor/share/OGRE/Media
[2.749s] -- OGRE_LIBRARIES: OgreHLMS;OgreMeshLodGenerator;OgreOverlay;OgrePaging;OgreProperty;OgreRTShaderSystem;OgreTerrain;OgreVolume;OgreMain
[2.749s] -- OGRE_LIBRARY_DIRS: /opt/ros/humble/opt/rviz_ogre_vendor/lib
[2.749s] -- OGRE_PLUGINS: Plugin_BSPSceneManager;Plugin_OctreeSceneManager;Plugin_PCZSceneManager;Plugin_ParticleFX;RenderSystem_GL;RenderSystem_GL3Plus;Codec_STBI
[2.749s] -- OGRE_PLUGIN_DIR: /opt/ros/humble/opt/rviz_ogre_vendor/lib/OGRE
[2.749s] -- rviz_ogre_vendor::OgreOverlay for IMPORTED_LOCATION_RELEASE: /opt/ros/humble/opt/rviz_ogre_vendor/lib/libOgreOverlay.so
[2.749s] -- rviz_ogre_vendor::OgreOverlay for IMPORTED_LOCATION_DEBUG: /opt/ros/humble/opt/rviz_ogre_vendor/lib/libOgreOverlay.so
[2.749s] -- rviz_ogre_vendor::OgreMain for IMPORTED_LOCATION_RELEASE: /opt/ros/humble/opt/rviz_ogre_vendor/lib/libOgreMain.so
[2.749s] -- rviz_ogre_vendor::OgreMain for IMPORTED_LOCATION_DEBUG: /opt/ros/humble/opt/rviz_ogre_vendor/lib/libOgreMain.so
[2.774s] -- Found ZLIB: /usr/lib/x86_64-linux-gnu/libz.so (found version "1.2.11") 
[2.780s] -- Found OpenGL: /usr/lib/x86_64-linux-gnu/libOpenGL.so   
[2.918s] -- Found X11: /usr/include   
[2.918s] -- Looking for XOpenDisplay in /usr/lib/x86_64-linux-gnu/libX11.so;/usr/lib/x86_64-linux-gnu/libXext.so
[2.997s] -- Looking for XOpenDisplay in /usr/lib/x86_64-linux-gnu/libX11.so;/usr/lib/x86_64-linux-gnu/libXext.so - found
[2.998s] -- Looking for gethostbyname
[3.084s] -- Looking for gethostbyname - found
[3.085s] -- Looking for connect
[3.171s] -- Looking for connect - found
[3.171s] -- Looking for remove
[3.248s] -- Looking for remove - found
[3.248s] -- Looking for shmat
[3.324s] -- Looking for shmat - found
[3.324s] -- Looking for IceConnectionNumber in ICE
[3.434s] -- Looking for IceConnectionNumber in ICE - found
[3.439s] -- rviz_ogre_vendor::RenderSystem_GL for IMPORTED_LOCATION_RELEASE: _render_system_gl_static_library_abs-NOTFOUND
[3.439s] -- rviz_ogre_vendor::RenderSystem_GL for IMPORTED_LOCATION_DEBUG: _render_system_gl_static_library_abs-NOTFOUND
[3.571s] -- library: /usr/lib/x86_64-linux-gnu/libcurl.so
[4.015s] -- Found ament_lint_auto: 0.12.9 (/opt/ros/humble/share/ament_lint_auto/cmake)
[4.107s] -- Added test 'cppcheck' to perform static code analysis on C / C++ code
[4.107s] -- Configured cppcheck include dirs: /home/sithija/mobile_receptionist_ws/src/smrr_multinav/include/smrr_multinav
[4.108s] -- Configured cppcheck exclude dirs and/or files: 
[4.108s] -- Added test 'flake8' to check Python code syntax and style conventions
[4.109s] -- Added test 'lint_cmake' to check CMake code style
[4.110s] -- Added test 'pep257' to check Python code against some of the docstring style conventions in PEP 257
[4.111s] -- Added test 'uncrustify' to check C / C++ code style
[4.111s] -- Configured uncrustify additional arguments: 
[4.112s] -- Added test 'xmllint' to check XML markup files
[4.114s] -- Configuring done
[4.137s] -- Generating done
[4.140s] -- Build files have been written to: /home/sithija/mobile_receptionist_ws/src/build/smrr_multinav
[4.153s] Invoked command in '/home/sithija/mobile_receptionist_ws/src/build/smrr_multinav' returned '0': CMAKE_PREFIX_PATH=/home/sithija/mobile_receptionist_ws/install/smrr_utilities:/home/sithija/mobile_receptionist_ws/install/smrr_crowd_nav:/home/sithija/mobile_receptionist_ws/install/goal_predictor:/home/sithija/mini_project/install/crowd_simulator:/opt/ros/humble:${CMAKE_PREFIX_PATH} /usr/bin/cmake /home/sithija/mobile_receptionist_ws/src/smrr_multinav -DAMENT_CMAKE_SYMLINK_INSTALL=1 -DCMAKE_INSTALL_PREFIX=/home/sithija/mobile_receptionist_ws/src/install/smrr_multinav
[4.156s] Invoking command in '/home/sithija/mobile_receptionist_ws/src/build/smrr_multinav': CMAKE_PREFIX_PATH=/home/sithija/mobile_receptionist_ws/install/smrr_utilities:/home/sithija/mobile_receptionist_ws/install/smrr_crowd_nav:/home/sithija/mobile_receptionist_ws/install/goal_predictor:/home/sithija/mini_project/install/crowd_simulator:/opt/ros/humble:${CMAKE_PREFIX_PATH} /usr/bin/cmake --build /home/sithija/mobile_receptionist_ws/src/build/smrr_multinav -- -j16 -l16
[4.231s] [ 66%] [32mBuilding CXX object CMakeFiles/multinav.dir/src/multinav.cpp.o[0m
[4.231s] [ 66%] [32mBuilding CXX object CMakeFiles/multinav.dir/src/multinav_behaviors.cpp.o[0m
[6.993s] In file included from [01m[K/opt/ros/humble/include/rclcpp/rclcpp/logging.hpp:24[m[K,
[6.993s]                  from [01m[K/opt/ros/humble/include/rclcpp/rclcpp/client.hpp:40[m[K,
[6.993s]                  from [01m[K/opt/ros/humble/include/rclcpp/rclcpp/callback_group.hpp:24[m[K,
[6.993s]                  from [01m[K/opt/ros/humble/include/rclcpp/rclcpp/any_executable.hpp:20[m[K,
[6.993s]                  from [01m[K/opt/ros/humble/include/rclcpp/rclcpp/memory_strategy.hpp:25[m[K,
[6.993s]                  from [01m[K/opt/ros/humble/include/rclcpp/rclcpp/memory_strategies.hpp:18[m[K,
[6.993s]                  from [01m[K/opt/ros/humble/include/rclcpp/rclcpp/executor_options.hpp:20[m[K,
[6.994s]                  from [01m[K/opt/ros/humble/include/rclcpp/rclcpp/executor.hpp:37[m[K,
[6.994s]                  from [01m[K/opt/ros/humble/include/rclcpp/rclcpp/executors/multi_threaded_executor.hpp:25[m[K,
[6.994s]                  from [01m[K/opt/ros/humble/include/rclcpp/rclcpp/executors.hpp:21[m[K,
[6.994s]                  from [01m[K/opt/ros/humble/include/rclcpp/rclcpp/rclcpp.hpp:155[m[K,
[6.994s]                  from [01m[K/home/sithija/mobile_receptionist_ws/src/smrr_multinav/include/smrr_multinav/multinav_behaviors.h:2[m[K,
[6.994s]                  from [01m[K/home/sithija/mobile_receptionist_ws/src/smrr_multinav/src/multinav_behaviors.cpp:1[m[K:
[6.994s] [01m[K/home/sithija/mobile_receptionist_ws/src/smrr_multinav/src/multinav_behaviors.cpp:[m[K In member function ‘[01m[Kvirtual BT::NodeStatus GoToPose::onRunning()[m[K’:
[6.994s] [01m[K/home/sithija/mobile_receptionist_ws/src/smrr_multinav/src/multinav_behaviors.cpp:50:50:[m[K [01;35m[Kwarning: [m[Kformat ‘[01m[K%s[m[K’ expects argument of type ‘[01m[Kchar*[m[K’, but argument 5 has type ‘[01m[Kconst string[m[K’ {aka ‘[01m[Kconst std::__cxx11::basic_string<char>[m[K’} [[01;35m[K]8;;https://gcc.gnu.org/onlinedocs/gcc/Warning-Options.html#index-Wformat=-Wformat=]8;;[m[K]
[6.994s]    50 |             RCLCPP_INFO(node_ptr_->get_logger(), [01;35m[K"[%s] goal reached\n"[m[K,this->name());
[6.994s]       |                                                  [01;35m[K^~~~~~~~~~~~~~~~~~~~~[m[K
[6.994s] [01m[K/home/sithija/mobile_receptionist_ws/src/smrr_multinav/src/multinav_behaviors.cpp:50:53:[m[K [01;36m[Knote: [m[Kformat string is defined here
[6.994s]    50 |             RCLCPP_INFO(node_ptr_->get_logger(), "[[01;36m[K%s[m[K] goal reached\n",this->name());
[6.994s]       |                                                    [01;36m[K~^[m[K
[6.994s]       |                                                     [01;36m[K|[m[K
[6.994s]       |                                                     [01;36m[Kchar*[m[K
[6.995s] In file included from [01m[K/opt/ros/humble/include/rclcpp/rclcpp/logging.hpp:24[m[K,
[6.995s]                  from [01m[K/opt/ros/humble/include/rclcpp/rclcpp/client.hpp:40[m[K,
[6.995s]                  from [01m[K/opt/ros/humble/include/rclcpp/rclcpp/callback_group.hpp:24[m[K,
[6.995s]                  from [01m[K/opt/ros/humble/include/rclcpp/rclcpp/any_executable.hpp:20[m[K,
[6.995s]                  from [01m[K/opt/ros/humble/include/rclcpp/rclcpp/memory_strategy.hpp:25[m[K,
[6.995s]                  from [01m[K/opt/ros/humble/include/rclcpp/rclcpp/memory_strategies.hpp:18[m[K,
[6.995s]                  from [01m[K/opt/ros/humble/include/rclcpp/rclcpp/executor_options.hpp:20[m[K,
[6.995s]                  from [01m[K/opt/ros/humble/include/rclcpp/rclcpp/executor.hpp:37[m[K,
[6.995s]                  from [01m[K/opt/ros/humble/include/rclcpp/rclcpp/executors/multi_threaded_executor.hpp:25[m[K,
[6.996s]                  from [01m[K/opt/ros/humble/include/rclcpp/rclcpp/executors.hpp:21[m[K,
[6.996s]                  from [01m[K/opt/ros/humble/include/rclcpp/rclcpp/rclcpp.hpp:155[m[K,
[6.996s]                  from [01m[K/home/sithija/mobile_receptionist_ws/src/smrr_multinav/include/smrr_multinav/multinav_behaviors.h:2[m[K,
[6.996s]                  from [01m[K/home/sithija/mobile_receptionist_ws/src/smrr_multinav/src/multinav_behaviors.cpp:1[m[K:
[6.996s] [01m[K/home/sithija/mobile_receptionist_ws/src/smrr_multinav/src/multinav_behaviors.cpp:[m[K In member function ‘[01m[Kvirtual BT::NodeStatus LoadMapFromSlam::onStart()[m[K’:
[6.996s] [01m[K/home/sithija/mobile_receptionist_ws/src/smrr_multinav/src/multinav_behaviors.cpp:87:42:[m[K [01;35m[Kwarning: [m[Ktoo many arguments for format [[01;35m[K]8;;https://gcc.gnu.org/onlinedocs/gcc/Warning-Options.html#index-Wformat-extra-args-Wformat-extra-args]8;;[m[K]
[6.996s]    87 |     RCLCPP_INFO(node_ptr_->get_logger(), [01;35m[K" map file path: "[m[K, map_path);
[6.996s]       |                                          [01;35m[K^~~~~~~~~~~~~~~~~~[m[K
[6.996s] [01m[K/home/sithija/mobile_receptionist_ws/src/smrr_multinav/src/multinav_behaviors.cpp:89:26:[m[K [01;31m[Kerror: [m[Kexpected ‘[01m[K;[m[K’ before ‘[01m[Krequest[m[K’
[6.996s]    89 |     request->match_type=2
[6.996s]       |                          [01;31m[K^[m[K
[6.996s]       |                          [32m[K;[m[K
[6.996s]    90 |     [32m[Krequest[m[K->initial_pose=geometry_msgs.msg.Pose2D(x=0.0, y=0.0, theta=0.0)
[6.996s]       |     [32m[K~~~~~~~[m[K               
[7.966s] gmake[2]: *** [CMakeFiles/multinav.dir/build.make:90: CMakeFiles/multinav.dir/src/multinav_behaviors.cpp.o] Error 1
[7.966s] gmake[2]: *** Waiting for unfinished jobs....
[8.508s] gmake[1]: *** [CMakeFiles/Makefile2:137: CMakeFiles/multinav.dir/all] Error 2
[8.508s] gmake: *** [Makefile:146: all] Error 2
[8.511s] Invoked command in '/home/sithija/mobile_receptionist_ws/src/build/smrr_multinav' returned '2': CMAKE_PREFIX_PATH=/home/sithija/mobile_receptionist_ws/install/smrr_utilities:/home/sithija/mobile_receptionist_ws/install/smrr_crowd_nav:/home/sithija/mobile_receptionist_ws/install/goal_predictor:/home/sithija/mini_project/install/crowd_simulator:/opt/ros/humble:${CMAKE_PREFIX_PATH} /usr/bin/cmake --build /home/sithija/mobile_receptionist_ws/src/build/smrr_multinav -- -j16 -l16
