[1.062s] DEBUG:colcon:Command line arguments: ['/usr/bin/colcon', 'build', '--symlink-install', '--packages-up-to', 'smrr_multinav']
[1.063s] DEBUG:colcon:Parsed command line arguments: Namespace(log_base=None, log_level=None, verb_name='build', build_base='build', install_base='install', merge_install=False, symlink_install=True, test_result_base=None, continue_on_error=False, executor='parallel', parallel_workers=16, event_handlers=None, ignore_user_meta=False, metas=['./colcon.meta'], base_paths=['.'], packages_ignore=None, packages_ignore_regex=None, paths=None, packages_up_to=['smrr_multinav'], packages_up_to_regex=None, packages_above=None, packages_above_and_dependencies=None, packages_above_depth=None, packages_select_by_dep=None, packages_skip_by_dep=None, packages_skip_up_to=None, packages_select_build_failed=False, packages_skip_build_finished=False, packages_select_test_failures=False, packages_skip_test_passed=False, packages_select=None, packages_skip=None, packages_select_regex=None, packages_skip_regex=None, packages_start=None, packages_end=None, allow_overriding=[], cmake_args=None, cmake_target=None, cmake_target_skip_unavailable=False, cmake_clean_cache=False, cmake_clean_first=False, cmake_force_configure=False, ament_cmake_args=None, catkin_cmake_args=None, catkin_skip_building_tests=False, verb_parser=<colcon_defaults.argument_parser.defaults.DefaultArgumentsDecorator object at 0x731a290f3ee0>, verb_extension=<colcon_core.verb.build.BuildVerb object at 0x731a290f20b0>, main=<bound method BuildVerb.main of <colcon_core.verb.build.BuildVerb object at 0x731a290f20b0>>)
[1.109s] Level 1:colcon.colcon_core.package_discovery:discover_packages(colcon_meta) check parameters
[1.109s] Level 1:colcon.colcon_core.package_discovery:discover_packages(recursive) check parameters
[1.109s] Level 1:colcon.colcon_core.package_discovery:discover_packages(ignore) check parameters
[1.109s] Level 1:colcon.colcon_core.package_discovery:discover_packages(path) check parameters
[1.109s] Level 1:colcon.colcon_core.package_discovery:discover_packages(colcon_meta) discover
[1.109s] Level 1:colcon.colcon_core.package_discovery:discover_packages(recursive) discover
[1.109s] INFO:colcon.colcon_core.package_discovery:Crawling recursively for packages in '/home/sithija/mobile_receptionist_ws/src'
[1.109s] Level 1:colcon.colcon_core.package_identification:_identify(.) by extensions ['ignore', 'ignore_ament_install']
[1.109s] Level 1:colcon.colcon_core.package_identification:_identify(.) by extension 'ignore'
[1.109s] Level 1:colcon.colcon_core.package_identification:_identify(.) by extension 'ignore_ament_install'
[1.110s] Level 1:colcon.colcon_core.package_identification:_identify(.) by extensions ['colcon_pkg']
[1.110s] Level 1:colcon.colcon_core.package_identification:_identify(.) by extension 'colcon_pkg'
[1.110s] Level 1:colcon.colcon_core.package_identification:_identify(.) by extensions ['colcon_meta']
[1.110s] Level 1:colcon.colcon_core.package_identification:_identify(.) by extension 'colcon_meta'
[1.110s] Level 1:colcon.colcon_core.package_identification:_identify(.) by extensions ['ros']
[1.110s] Level 1:colcon.colcon_core.package_identification:_identify(.) by extension 'ros'
[1.119s] Level 1:colcon.colcon_core.package_identification:_identify(.) by extensions ['cmake', 'python']
[1.119s] Level 1:colcon.colcon_core.package_identification:_identify(.) by extension 'cmake'
[1.119s] Level 1:colcon.colcon_core.package_identification:_identify(.) by extension 'python'
[1.119s] Level 1:colcon.colcon_core.package_identification:_identify(.) by extensions ['python_setup_py']
[1.119s] Level 1:colcon.colcon_core.package_identification:_identify(.) by extension 'python_setup_py'
[1.119s] Level 1:colcon.colcon_core.package_identification:_identify(build) by extensions ['ignore', 'ignore_ament_install']
[1.119s] Level 1:colcon.colcon_core.package_identification:_identify(build) by extension 'ignore'
[1.119s] Level 1:colcon.colcon_core.package_identification:_identify(build) ignored
[1.119s] Level 1:colcon.colcon_core.package_identification:_identify(elevator) by extensions ['ignore', 'ignore_ament_install']
[1.119s] Level 1:colcon.colcon_core.package_identification:_identify(elevator) by extension 'ignore'
[1.119s] Level 1:colcon.colcon_core.package_identification:_identify(elevator) by extension 'ignore_ament_install'
[1.119s] Level 1:colcon.colcon_core.package_identification:_identify(elevator) by extensions ['colcon_pkg']
[1.119s] Level 1:colcon.colcon_core.package_identification:_identify(elevator) by extension 'colcon_pkg'
[1.119s] Level 1:colcon.colcon_core.package_identification:_identify(elevator) by extensions ['colcon_meta']
[1.119s] Level 1:colcon.colcon_core.package_identification:_identify(elevator) by extension 'colcon_meta'
[1.119s] Level 1:colcon.colcon_core.package_identification:_identify(elevator) by extensions ['ros']
[1.120s] Level 1:colcon.colcon_core.package_identification:_identify(elevator) by extension 'ros'
[1.122s] DEBUG:colcon.colcon_core.package_identification:Package 'elevator' with type 'ros.ament_cmake' and name 'elevator'
[1.122s] Level 1:colcon.colcon_core.package_identification:_identify(gazebo_plugins) by extensions ['ignore', 'ignore_ament_install']
[1.122s] Level 1:colcon.colcon_core.package_identification:_identify(gazebo_plugins) by extension 'ignore'
[1.122s] Level 1:colcon.colcon_core.package_identification:_identify(gazebo_plugins) by extension 'ignore_ament_install'
[1.122s] Level 1:colcon.colcon_core.package_identification:_identify(gazebo_plugins) by extensions ['colcon_pkg']
[1.122s] Level 1:colcon.colcon_core.package_identification:_identify(gazebo_plugins) by extension 'colcon_pkg'
[1.122s] Level 1:colcon.colcon_core.package_identification:_identify(gazebo_plugins) by extensions ['colcon_meta']
[1.122s] Level 1:colcon.colcon_core.package_identification:_identify(gazebo_plugins) by extension 'colcon_meta'
[1.122s] Level 1:colcon.colcon_core.package_identification:_identify(gazebo_plugins) by extensions ['ros']
[1.122s] Level 1:colcon.colcon_core.package_identification:_identify(gazebo_plugins) by extension 'ros'
[1.123s] DEBUG:colcon.colcon_core.package_identification:Package 'gazebo_plugins' with type 'ros.ament_cmake' and name 'gazebo_plugins'
[1.123s] Level 1:colcon.colcon_core.package_identification:_identify(gazebo_sfm_plugin-galactic) by extensions ['ignore', 'ignore_ament_install']
[1.123s] Level 1:colcon.colcon_core.package_identification:_identify(gazebo_sfm_plugin-galactic) by extension 'ignore'
[1.123s] Level 1:colcon.colcon_core.package_identification:_identify(gazebo_sfm_plugin-galactic) by extension 'ignore_ament_install'
[1.123s] Level 1:colcon.colcon_core.package_identification:_identify(gazebo_sfm_plugin-galactic) by extensions ['colcon_pkg']
[1.123s] Level 1:colcon.colcon_core.package_identification:_identify(gazebo_sfm_plugin-galactic) by extension 'colcon_pkg'
[1.123s] Level 1:colcon.colcon_core.package_identification:_identify(gazebo_sfm_plugin-galactic) by extensions ['colcon_meta']
[1.123s] Level 1:colcon.colcon_core.package_identification:_identify(gazebo_sfm_plugin-galactic) by extension 'colcon_meta'
[1.123s] Level 1:colcon.colcon_core.package_identification:_identify(gazebo_sfm_plugin-galactic) by extensions ['ros']
[1.123s] Level 1:colcon.colcon_core.package_identification:_identify(gazebo_sfm_plugin-galactic) by extension 'ros'
[1.124s] DEBUG:colcon.colcon_core.package_identification:Package 'gazebo_sfm_plugin-galactic' with type 'ros.ament_cmake' and name 'gazebo_sfm_plugin'
[1.124s] Level 1:colcon.colcon_core.package_identification:_identify(gazebo_worlds) by extensions ['ignore', 'ignore_ament_install']
[1.124s] Level 1:colcon.colcon_core.package_identification:_identify(gazebo_worlds) by extension 'ignore'
[1.124s] Level 1:colcon.colcon_core.package_identification:_identify(gazebo_worlds) by extension 'ignore_ament_install'
[1.124s] Level 1:colcon.colcon_core.package_identification:_identify(gazebo_worlds) by extensions ['colcon_pkg']
[1.124s] Level 1:colcon.colcon_core.package_identification:_identify(gazebo_worlds) by extension 'colcon_pkg'
[1.124s] Level 1:colcon.colcon_core.package_identification:_identify(gazebo_worlds) by extensions ['colcon_meta']
[1.124s] Level 1:colcon.colcon_core.package_identification:_identify(gazebo_worlds) by extension 'colcon_meta'
[1.124s] Level 1:colcon.colcon_core.package_identification:_identify(gazebo_worlds) by extensions ['ros']
[1.124s] Level 1:colcon.colcon_core.package_identification:_identify(gazebo_worlds) by extension 'ros'
[1.124s] Level 1:colcon.colcon_core.package_identification:_identify(gazebo_worlds) by extensions ['cmake', 'python']
[1.124s] Level 1:colcon.colcon_core.package_identification:_identify(gazebo_worlds) by extension 'cmake'
[1.124s] Level 1:colcon.colcon_core.package_identification:_identify(gazebo_worlds) by extension 'python'
[1.124s] Level 1:colcon.colcon_core.package_identification:_identify(gazebo_worlds) by extensions ['python_setup_py']
[1.124s] Level 1:colcon.colcon_core.package_identification:_identify(gazebo_worlds) by extension 'python_setup_py'
[1.124s] Level 1:colcon.colcon_core.package_identification:_identify(goal_predictor) by extensions ['ignore', 'ignore_ament_install']
[1.124s] Level 1:colcon.colcon_core.package_identification:_identify(goal_predictor) by extension 'ignore'
[1.124s] Level 1:colcon.colcon_core.package_identification:_identify(goal_predictor) by extension 'ignore_ament_install'
[1.124s] Level 1:colcon.colcon_core.package_identification:_identify(goal_predictor) by extensions ['colcon_pkg']
[1.124s] Level 1:colcon.colcon_core.package_identification:_identify(goal_predictor) by extension 'colcon_pkg'
[1.124s] Level 1:colcon.colcon_core.package_identification:_identify(goal_predictor) by extensions ['colcon_meta']
[1.124s] Level 1:colcon.colcon_core.package_identification:_identify(goal_predictor) by extension 'colcon_meta'
[1.124s] Level 1:colcon.colcon_core.package_identification:_identify(goal_predictor) by extensions ['ros']
[1.124s] Level 1:colcon.colcon_core.package_identification:_identify(goal_predictor) by extension 'ros'
[1.125s] DEBUG:colcon.colcon_core.package_identification:Package 'goal_predictor' with type 'ros.ament_python' and name 'goal_predictor'
[1.125s] Level 1:colcon.colcon_core.package_identification:_identify(install) by extensions ['ignore', 'ignore_ament_install']
[1.125s] Level 1:colcon.colcon_core.package_identification:_identify(install) by extension 'ignore'
[1.125s] Level 1:colcon.colcon_core.package_identification:_identify(install) ignored
[1.125s] Level 1:colcon.colcon_core.package_identification:_identify(log) by extensions ['ignore', 'ignore_ament_install']
[1.125s] Level 1:colcon.colcon_core.package_identification:_identify(log) by extension 'ignore'
[1.125s] Level 1:colcon.colcon_core.package_identification:_identify(log) ignored
[1.125s] Level 1:colcon.colcon_core.package_identification:_identify(smrr_controller) by extensions ['ignore', 'ignore_ament_install']
[1.125s] Level 1:colcon.colcon_core.package_identification:_identify(smrr_controller) by extension 'ignore'
[1.125s] Level 1:colcon.colcon_core.package_identification:_identify(smrr_controller) by extension 'ignore_ament_install'
[1.125s] Level 1:colcon.colcon_core.package_identification:_identify(smrr_controller) by extensions ['colcon_pkg']
[1.125s] Level 1:colcon.colcon_core.package_identification:_identify(smrr_controller) by extension 'colcon_pkg'
[1.125s] Level 1:colcon.colcon_core.package_identification:_identify(smrr_controller) by extensions ['colcon_meta']
[1.125s] Level 1:colcon.colcon_core.package_identification:_identify(smrr_controller) by extension 'colcon_meta'
[1.126s] Level 1:colcon.colcon_core.package_identification:_identify(smrr_controller) by extensions ['ros']
[1.126s] Level 1:colcon.colcon_core.package_identification:_identify(smrr_controller) by extension 'ros'
[1.126s] DEBUG:colcon.colcon_core.package_identification:Package 'smrr_controller' with type 'ros.ament_cmake' and name 'smrr_controller'
[1.126s] Level 1:colcon.colcon_core.package_identification:_identify(smrr_crowd_nav) by extensions ['ignore', 'ignore_ament_install']
[1.126s] Level 1:colcon.colcon_core.package_identification:_identify(smrr_crowd_nav) by extension 'ignore'
[1.126s] Level 1:colcon.colcon_core.package_identification:_identify(smrr_crowd_nav) by extension 'ignore_ament_install'
[1.126s] Level 1:colcon.colcon_core.package_identification:_identify(smrr_crowd_nav) by extensions ['colcon_pkg']
[1.126s] Level 1:colcon.colcon_core.package_identification:_identify(smrr_crowd_nav) by extension 'colcon_pkg'
[1.126s] Level 1:colcon.colcon_core.package_identification:_identify(smrr_crowd_nav) by extensions ['colcon_meta']
[1.126s] Level 1:colcon.colcon_core.package_identification:_identify(smrr_crowd_nav) by extension 'colcon_meta'
[1.126s] Level 1:colcon.colcon_core.package_identification:_identify(smrr_crowd_nav) by extensions ['ros']
[1.126s] Level 1:colcon.colcon_core.package_identification:_identify(smrr_crowd_nav) by extension 'ros'
[1.127s] DEBUG:colcon.colcon_core.package_identification:Package 'smrr_crowd_nav' with type 'ros.ament_python' and name 'smrr_crowd_nav'
[1.127s] Level 1:colcon.colcon_core.package_identification:_identify(smrr_description) by extensions ['ignore', 'ignore_ament_install']
[1.127s] Level 1:colcon.colcon_core.package_identification:_identify(smrr_description) by extension 'ignore'
[1.127s] Level 1:colcon.colcon_core.package_identification:_identify(smrr_description) by extension 'ignore_ament_install'
[1.127s] Level 1:colcon.colcon_core.package_identification:_identify(smrr_description) by extensions ['colcon_pkg']
[1.127s] Level 1:colcon.colcon_core.package_identification:_identify(smrr_description) by extension 'colcon_pkg'
[1.127s] Level 1:colcon.colcon_core.package_identification:_identify(smrr_description) by extensions ['colcon_meta']
[1.127s] Level 1:colcon.colcon_core.package_identification:_identify(smrr_description) by extension 'colcon_meta'
[1.127s] Level 1:colcon.colcon_core.package_identification:_identify(smrr_description) by extensions ['ros']
[1.127s] Level 1:colcon.colcon_core.package_identification:_identify(smrr_description) by extension 'ros'
[1.127s] DEBUG:colcon.colcon_core.package_identification:Package 'smrr_description' with type 'ros.ament_cmake' and name 'smrr_description'
[1.127s] Level 1:colcon.colcon_core.package_identification:_identify(smrr_interfaces) by extensions ['ignore', 'ignore_ament_install']
[1.127s] Level 1:colcon.colcon_core.package_identification:_identify(smrr_interfaces) by extension 'ignore'
[1.127s] Level 1:colcon.colcon_core.package_identification:_identify(smrr_interfaces) by extension 'ignore_ament_install'
[1.128s] Level 1:colcon.colcon_core.package_identification:_identify(smrr_interfaces) by extensions ['colcon_pkg']
[1.128s] Level 1:colcon.colcon_core.package_identification:_identify(smrr_interfaces) by extension 'colcon_pkg'
[1.128s] Level 1:colcon.colcon_core.package_identification:_identify(smrr_interfaces) by extensions ['colcon_meta']
[1.128s] Level 1:colcon.colcon_core.package_identification:_identify(smrr_interfaces) by extension 'colcon_meta'
[1.128s] Level 1:colcon.colcon_core.package_identification:_identify(smrr_interfaces) by extensions ['ros']
[1.128s] Level 1:colcon.colcon_core.package_identification:_identify(smrr_interfaces) by extension 'ros'
[1.128s] DEBUG:colcon.colcon_core.package_identification:Package 'smrr_interfaces' with type 'ros.ament_cmake' and name 'smrr_interfaces'
[1.128s] Level 1:colcon.colcon_core.package_identification:_identify(smrr_localization) by extensions ['ignore', 'ignore_ament_install']
[1.128s] Level 1:colcon.colcon_core.package_identification:_identify(smrr_localization) by extension 'ignore'
[1.128s] Level 1:colcon.colcon_core.package_identification:_identify(smrr_localization) by extension 'ignore_ament_install'
[1.128s] Level 1:colcon.colcon_core.package_identification:_identify(smrr_localization) by extensions ['colcon_pkg']
[1.128s] Level 1:colcon.colcon_core.package_identification:_identify(smrr_localization) by extension 'colcon_pkg'
[1.128s] Level 1:colcon.colcon_core.package_identification:_identify(smrr_localization) by extensions ['colcon_meta']
[1.128s] Level 1:colcon.colcon_core.package_identification:_identify(smrr_localization) by extension 'colcon_meta'
[1.128s] Level 1:colcon.colcon_core.package_identification:_identify(smrr_localization) by extensions ['ros']
[1.128s] Level 1:colcon.colcon_core.package_identification:_identify(smrr_localization) by extension 'ros'
[1.129s] DEBUG:colcon.colcon_core.package_identification:Package 'smrr_localization' with type 'ros.ament_cmake' and name 'smrr_localization'
[1.129s] Level 1:colcon.colcon_core.package_identification:_identify(smrr_multinav) by extensions ['ignore', 'ignore_ament_install']
[1.129s] Level 1:colcon.colcon_core.package_identification:_identify(smrr_multinav) by extension 'ignore'
[1.129s] Level 1:colcon.colcon_core.package_identification:_identify(smrr_multinav) by extension 'ignore_ament_install'
[1.129s] Level 1:colcon.colcon_core.package_identification:_identify(smrr_multinav) by extensions ['colcon_pkg']
[1.129s] Level 1:colcon.colcon_core.package_identification:_identify(smrr_multinav) by extension 'colcon_pkg'
[1.129s] Level 1:colcon.colcon_core.package_identification:_identify(smrr_multinav) by extensions ['colcon_meta']
[1.129s] Level 1:colcon.colcon_core.package_identification:_identify(smrr_multinav) by extension 'colcon_meta'
[1.129s] Level 1:colcon.colcon_core.package_identification:_identify(smrr_multinav) by extensions ['ros']
[1.129s] Level 1:colcon.colcon_core.package_identification:_identify(smrr_multinav) by extension 'ros'
[1.130s] DEBUG:colcon.colcon_core.package_identification:Package 'smrr_multinav' with type 'ros.ament_cmake' and name 'smrr_multinav'
[1.130s] Level 1:colcon.colcon_core.package_identification:_identify(smrr_utilities) by extensions ['ignore', 'ignore_ament_install']
[1.130s] Level 1:colcon.colcon_core.package_identification:_identify(smrr_utilities) by extension 'ignore'
[1.130s] Level 1:colcon.colcon_core.package_identification:_identify(smrr_utilities) by extension 'ignore_ament_install'
[1.130s] Level 1:colcon.colcon_core.package_identification:_identify(smrr_utilities) by extensions ['colcon_pkg']
[1.130s] Level 1:colcon.colcon_core.package_identification:_identify(smrr_utilities) by extension 'colcon_pkg'
[1.130s] Level 1:colcon.colcon_core.package_identification:_identify(smrr_utilities) by extensions ['colcon_meta']
[1.130s] Level 1:colcon.colcon_core.package_identification:_identify(smrr_utilities) by extension 'colcon_meta'
[1.130s] Level 1:colcon.colcon_core.package_identification:_identify(smrr_utilities) by extensions ['ros']
[1.130s] Level 1:colcon.colcon_core.package_identification:_identify(smrr_utilities) by extension 'ros'
[1.130s] DEBUG:colcon.colcon_core.package_identification:Package 'smrr_utilities' with type 'ros.ament_python' and name 'smrr_utilities'
[1.131s] Level 1:colcon.colcon_core.package_discovery:discover_packages(recursive) using defaults
[1.131s] Level 1:colcon.colcon_core.package_discovery:discover_packages(ignore) discover
[1.131s] Level 1:colcon.colcon_core.package_discovery:discover_packages(ignore) using defaults
[1.131s] Level 1:colcon.colcon_core.package_discovery:discover_packages(path) discover
[1.131s] Level 1:colcon.colcon_core.package_discovery:discover_packages(path) using defaults
[1.207s] INFO:colcon.colcon_core.package_selection:Skipping package 'smrr_description' in 'smrr_description'
[1.207s] INFO:colcon.colcon_core.package_selection:Skipping package 'smrr_utilities' in 'smrr_utilities'
[1.207s] INFO:colcon.colcon_core.package_selection:Skipping package 'smrr_localization' in 'smrr_localization'
[1.207s] INFO:colcon.colcon_core.package_selection:Skipping package 'smrr_interfaces' in 'smrr_interfaces'
[1.207s] INFO:colcon.colcon_core.package_selection:Skipping package 'smrr_crowd_nav' in 'smrr_crowd_nav'
[1.207s] INFO:colcon.colcon_core.package_selection:Skipping package 'smrr_controller' in 'smrr_controller'
[1.207s] INFO:colcon.colcon_core.package_selection:Skipping package 'goal_predictor' in 'goal_predictor'
[1.208s] INFO:colcon.colcon_core.package_selection:Skipping package 'gazebo_sfm_plugin' in 'gazebo_sfm_plugin-galactic'
[1.208s] INFO:colcon.colcon_core.package_selection:Skipping package 'gazebo_plugins' in 'gazebo_plugins'
[1.208s] INFO:colcon.colcon_core.package_selection:Skipping package 'elevator' in 'elevator'
[1.240s] Level 1:colcon.colcon_core.package_discovery:discover_packages(prefix_path) check parameters
[1.240s] Level 1:colcon.colcon_core.package_discovery:discover_packages(prefix_path) discover
[1.273s] DEBUG:colcon.colcon_installed_package_information.package_discovery:Found 4 installed packages in /home/sithija/mini_project/install
[1.289s] DEBUG:colcon.colcon_installed_package_information.package_discovery:Found 12 installed packages in /home/sithija/mobile_receptionist_ws/install
[1.306s] DEBUG:colcon.colcon_installed_package_information.package_discovery:Found 4 installed packages in /home/sithija/voyager_ws/install
[1.323s] DEBUG:colcon.colcon_installed_package_information.package_discovery:Found 408 installed packages in /opt/ros/humble
[1.325s] Level 1:colcon.colcon_core.package_discovery:discover_packages(prefix_path) using defaults
[1.424s] Level 5:colcon.colcon_core.verb:set package 'smrr_multinav' build argument 'cmake_args' from command line to 'None'
[1.424s] Level 5:colcon.colcon_core.verb:set package 'smrr_multinav' build argument 'cmake_target' from command line to 'None'
[1.424s] Level 5:colcon.colcon_core.verb:set package 'smrr_multinav' build argument 'cmake_target_skip_unavailable' from command line to 'False'
[1.424s] Level 5:colcon.colcon_core.verb:set package 'smrr_multinav' build argument 'cmake_clean_cache' from command line to 'False'
[1.424s] Level 5:colcon.colcon_core.verb:set package 'smrr_multinav' build argument 'cmake_clean_first' from command line to 'False'
[1.424s] Level 5:colcon.colcon_core.verb:set package 'smrr_multinav' build argument 'cmake_force_configure' from command line to 'False'
[1.424s] Level 5:colcon.colcon_core.verb:set package 'smrr_multinav' build argument 'ament_cmake_args' from command line to 'None'
[1.424s] Level 5:colcon.colcon_core.verb:set package 'smrr_multinav' build argument 'catkin_cmake_args' from command line to 'None'
[1.424s] Level 5:colcon.colcon_core.verb:set package 'smrr_multinav' build argument 'catkin_skip_building_tests' from command line to 'False'
[1.424s] DEBUG:colcon.colcon_core.verb:Building package 'smrr_multinav' with the following arguments: {'ament_cmake_args': None, 'build_base': '/home/sithija/mobile_receptionist_ws/src/build/smrr_multinav', 'catkin_cmake_args': None, 'catkin_skip_building_tests': False, 'cmake_args': None, 'cmake_clean_cache': False, 'cmake_clean_first': False, 'cmake_force_configure': False, 'cmake_target': None, 'cmake_target_skip_unavailable': False, 'install_base': '/home/sithija/mobile_receptionist_ws/src/install/smrr_multinav', 'merge_install': False, 'path': '/home/sithija/mobile_receptionist_ws/src/smrr_multinav', 'symlink_install': True, 'test_result_base': None}
[1.440s] INFO:colcon.colcon_core.executor:Executing jobs using 'parallel' executor
[1.456s] DEBUG:colcon.colcon_parallel_executor.executor.parallel:run_until_complete
[1.456s] INFO:colcon.colcon_ros.task.ament_cmake.build:Building ROS package in '/home/sithija/mobile_receptionist_ws/src/smrr_multinav' with build type 'ament_cmake'
[1.456s] INFO:colcon.colcon_cmake.task.cmake.build:Building CMake package in '/home/sithija/mobile_receptionist_ws/src/smrr_multinav'
[1.474s] INFO:colcon.colcon_core.plugin_system:Skipping extension 'colcon_core.shell.bat': Not used on non-Windows systems
[1.474s] INFO:colcon.colcon_core.shell:Skip shell extension 'powershell' for command environment: Not usable outside of PowerShell
[1.474s] DEBUG:colcon.colcon_core.shell:Skip shell extension 'dsv' for command environment
[1.565s] DEBUG:colcon.colcon_core.event_handler.log_command:Invoking command in '/home/sithija/mobile_receptionist_ws/src/build/smrr_multinav': CMAKE_PREFIX_PATH=/home/sithija/mobile_receptionist_ws/install/smrr_utilities:/home/sithija/mobile_receptionist_ws/install/smrr_crowd_nav:/home/sithija/mobile_receptionist_ws/install/goal_predictor:/home/sithija/mini_project/install/crowd_simulator:/opt/ros/humble:${CMAKE_PREFIX_PATH} /usr/bin/cmake /home/sithija/mobile_receptionist_ws/src/smrr_multinav -DAMENT_CMAKE_SYMLINK_INSTALL=1 -DCMAKE_INSTALL_PREFIX=/home/sithija/mobile_receptionist_ws/src/install/smrr_multinav
[5.610s] DEBUG:colcon.colcon_core.event_handler.log_command:Invoked command in '/home/sithija/mobile_receptionist_ws/src/build/smrr_multinav' returned '0': CMAKE_PREFIX_PATH=/home/sithija/mobile_receptionist_ws/install/smrr_utilities:/home/sithija/mobile_receptionist_ws/install/smrr_crowd_nav:/home/sithija/mobile_receptionist_ws/install/goal_predictor:/home/sithija/mini_project/install/crowd_simulator:/opt/ros/humble:${CMAKE_PREFIX_PATH} /usr/bin/cmake /home/sithija/mobile_receptionist_ws/src/smrr_multinav -DAMENT_CMAKE_SYMLINK_INSTALL=1 -DCMAKE_INSTALL_PREFIX=/home/sithija/mobile_receptionist_ws/src/install/smrr_multinav
[5.613s] DEBUG:colcon.colcon_core.event_handler.log_command:Invoking command in '/home/sithija/mobile_receptionist_ws/src/build/smrr_multinav': CMAKE_PREFIX_PATH=/home/sithija/mobile_receptionist_ws/install/smrr_utilities:/home/sithija/mobile_receptionist_ws/install/smrr_crowd_nav:/home/sithija/mobile_receptionist_ws/install/goal_predictor:/home/sithija/mini_project/install/crowd_simulator:/opt/ros/humble:${CMAKE_PREFIX_PATH} /usr/bin/cmake --build /home/sithija/mobile_receptionist_ws/src/build/smrr_multinav -- -j16 -l16
[9.968s] DEBUG:colcon.colcon_core.event_handler.log_command:Invoked command in '/home/sithija/mobile_receptionist_ws/src/build/smrr_multinav' returned '2': CMAKE_PREFIX_PATH=/home/sithija/mobile_receptionist_ws/install/smrr_utilities:/home/sithija/mobile_receptionist_ws/install/smrr_crowd_nav:/home/sithija/mobile_receptionist_ws/install/goal_predictor:/home/sithija/mini_project/install/crowd_simulator:/opt/ros/humble:${CMAKE_PREFIX_PATH} /usr/bin/cmake --build /home/sithija/mobile_receptionist_ws/src/build/smrr_multinav -- -j16 -l16
[10.041s] Level 1:colcon.colcon_core.environment:create_environment_scripts_only(smrr_multinav)
[10.066s] Level 1:colcon.colcon_core.environment:checking '/home/sithija/mobile_receptionist_ws/src/install/smrr_multinav' for CMake module files
[10.066s] Level 1:colcon.colcon_core.environment:checking '/home/sithija/mobile_receptionist_ws/src/install/smrr_multinav' for CMake config files
[10.067s] Level 1:colcon.colcon_core.environment:checking '/home/sithija/mobile_receptionist_ws/src/install/smrr_multinav/bin'
[10.067s] Level 1:colcon.colcon_core.environment:checking '/home/sithija/mobile_receptionist_ws/src/install/smrr_multinav/lib/pkgconfig/smrr_multinav.pc'
[10.067s] Level 1:colcon.colcon_core.environment:checking '/home/sithija/mobile_receptionist_ws/src/install/smrr_multinav/lib/python3.10/site-packages'
[10.067s] Level 1:colcon.colcon_core.environment:checking '/home/sithija/mobile_receptionist_ws/src/install/smrr_multinav/bin'
[10.083s] INFO:colcon.colcon_core.shell:Creating package script '/home/sithija/mobile_receptionist_ws/src/install/smrr_multinav/share/smrr_multinav/package.ps1'
[10.084s] INFO:colcon.colcon_core.shell:Creating package descriptor '/home/sithija/mobile_receptionist_ws/src/install/smrr_multinav/share/smrr_multinav/package.dsv'
[10.084s] INFO:colcon.colcon_core.shell:Creating package script '/home/sithija/mobile_receptionist_ws/src/install/smrr_multinav/share/smrr_multinav/package.sh'
[10.085s] INFO:colcon.colcon_core.shell:Creating package script '/home/sithija/mobile_receptionist_ws/src/install/smrr_multinav/share/smrr_multinav/package.bash'
[10.085s] INFO:colcon.colcon_core.shell:Creating package script '/home/sithija/mobile_receptionist_ws/src/install/smrr_multinav/share/smrr_multinav/package.zsh'
[10.086s] Level 1:colcon.colcon_core.environment:create_file_with_runtime_dependencies(/home/sithija/mobile_receptionist_ws/src/install/smrr_multinav/share/colcon-core/packages/smrr_multinav)
[10.097s] DEBUG:colcon.colcon_parallel_executor.executor.parallel:closing loop
[10.097s] DEBUG:colcon.colcon_parallel_executor.executor.parallel:loop closed
[10.097s] DEBUG:colcon.colcon_parallel_executor.executor.parallel:run_until_complete finished with '2'
[10.097s] DEBUG:colcon.colcon_core.event_reactor:joining thread
[10.150s] INFO:colcon.colcon_core.plugin_system:Skipping extension 'colcon_notification.desktop_notification.terminal_notifier': Not used on non-Darwin systems
[10.150s] INFO:colcon.colcon_core.plugin_system:Skipping extension 'colcon_notification.desktop_notification.win32': Not used on non-Windows systems
[10.150s] INFO:colcon.colcon_notification.desktop_notification:Sending desktop notification using 'notify2'
[10.167s] DEBUG:colcon.colcon_core.event_reactor:joined thread
[10.185s] INFO:colcon.colcon_core.shell:Creating prefix script '/home/sithija/mobile_receptionist_ws/src/install/local_setup.ps1'
[10.186s] INFO:colcon.colcon_core.shell:Creating prefix util module '/home/sithija/mobile_receptionist_ws/src/install/_local_setup_util_ps1.py'
[10.187s] INFO:colcon.colcon_core.shell:Creating prefix chain script '/home/sithija/mobile_receptionist_ws/src/install/setup.ps1'
[10.205s] INFO:colcon.colcon_core.shell:Creating prefix script '/home/sithija/mobile_receptionist_ws/src/install/local_setup.sh'
[10.205s] INFO:colcon.colcon_core.shell:Creating prefix util module '/home/sithija/mobile_receptionist_ws/src/install/_local_setup_util_sh.py'
[10.206s] INFO:colcon.colcon_core.shell:Creating prefix chain script '/home/sithija/mobile_receptionist_ws/src/install/setup.sh'
[10.223s] INFO:colcon.colcon_core.shell:Creating prefix script '/home/sithija/mobile_receptionist_ws/src/install/local_setup.bash'
[10.224s] INFO:colcon.colcon_core.shell:Creating prefix chain script '/home/sithija/mobile_receptionist_ws/src/install/setup.bash'
[10.240s] INFO:colcon.colcon_core.shell:Creating prefix script '/home/sithija/mobile_receptionist_ws/src/install/local_setup.zsh'
[10.241s] INFO:colcon.colcon_core.shell:Creating prefix chain script '/home/sithija/mobile_receptionist_ws/src/install/setup.zsh'
